254 221 216 116 130 183 165 2 175 274 132 169 149 247 151 211 257 52 77 9 173 278 153 84 49 178 208 189 293 123 94 46 69 135 270 194 1 240 37 143 272 229 233 97 186 279 231 47 262 251 206 256 126 120 30 297 288 17 215 100 252 66 228 154 280 176 43 71 142 192 145 104 67 182 59 141 155 55 152 115 289 12 51 106 264 78 292 250 242 266 31 223 196 265 238 255 20 199 35 219 181 112 291 45 248 205 124 139 16 98 81 5 138 287 118 83 201 119 131 70 235 93 10 25 283 101 90 42 76 190 269 147 6 48 140 114 23 22 237 195 73 197 109 117 160 298 177 163 61 191 253 89 170 258 86 27 3 11 236 209 207 243 268 26 158 111 295 254 157 68 50 82 271 122 64 14 185 202 222 121 239 146 217 204 40 172 244 241 28 102 284 128 214 29 282 174 230 32 281 277 53 39 188 96 166 232 91 224 113 21 226 245 79 129 44 267 213 198 19 57 200 60 261 156 125 63 38 263 187 171 18 105 56 144 74 107 225 285 150 273 218 15 193 227 290 137 58 92 220 136 24 246 159 294 162
10 167 168 95 276 260 161 134 0 296 148
7 234 36 275 8 85 203 127
12 13 62 210 133 299 286 259 7 34 180 33 75
4 179 65 88 249
3 54 108 103
6 4 72 99 184 87 41
3 110 164 212
1 80
0
0
0
0
0
0
0
0
0
0
0
0
0
0
0
0
0
0
0
0
0
0
0
0
0
0
0
0
0
0
0
0
0
0
0
0
0
0
0
0
0
0
0
0
0
0
0
0
0
0
0
0
0
0
0
0
0
0
0
0
0
0
0
0
0
0
0
0
0
0
0
0
0
0
0
0
0
0
0
0
0
0
0
0
0
0
0
0
0
0
0
