1 48
30 9979 303 6783 677 1903 187 1315 88 2841 2020 84 1305 568 1207 8236 474 3817 4525 6395 9799 2424 4008 1560 396 4618 6002 2395 2791 3696 611
33 4575 8175 1335 19 1209 1515 1757 5757 1066 523 719 3307 219 5341 6747 8109 5642 6277 3008 7133 6374 7509 2915 5974 8942 6779 8574 9604 2409 8554 3026 3115 2909
1 837
33 5424 1101 53 2920 1178 3149 4855 7463 5554 4078 8477 9343 9847 6179 6263 9075 1776 7910 1331 7435 113 2189 2090 2422 3070 1312 1588 7034 2010 7382 731 4783 8638
39 7003 5393 9982 4094 4601 2135 6296 1992 2356 6307 2432 5902 1543 8530 2571 2519 6689 6466 6996 3629 1353 2695 5209 8698 4543 8640 6670 8564 2247 5027 7865 4098 9655 696 9222 6352 8012 6658 1973
1 1900
1 2009
1 2581
42 2605 423 7594 3156 5620 3869 6881 2949 5575 5299 4309 3253 8310 5970 672 5727 5440 739 5335 1414 5868 135 7715 8731 9752 8854 5860 6163 4758 1724 1019 2944 2038 7082 4457 1507 9105 5033 2059 124 7152 8169
34 2316 8560 4377 3894 8324 3580 560 6115 7399 930 7965 7475 1767 9405 6546 6412 44 3401 4742 8521 6031 5343 2137 9320 3918 1567 5487 5195 2518 7337 480 559 8523 6775
28 9144 4839 6916 5018 4435 6329 2363 9393 9698 3270 7928 6252 1879 7698 7805 3667 5732 7711 5572 2425 8005 4541 1792 2563 1487 1643 3099 9243
1 5137
10 103 2465 4059 6403 2533 7109 3575 9951 3069 368
1 7005
19 4789 9313 6704 6836 9707 4959 8292 4016 8518 9976 7956 5086 6893 7013 5284 977 8110 953 7239
1 7270
23 2735 1097 5497 9602 3607 55 4379 8773 6192 4740 6556 567 2804 2570 8536 8224 4459 8151 9527 3956 7604 3098 9639
1 9256
1 9504
17 8872 9733 9913 6831 9696 3442 8878 2642 789 5917 4862 7818 1846 7221 3505 7708 7566
42 2787 6822 5256 7429 6780 769 6450 9084 3196 9003 2738 4090 1527 7188 7657 4494 549 583 403 713 7602 2386 6815 4058 9426 4064 7849 8928 8459 7411 6951 3244 1904 9562 7386 3346 1152 5333 7315 9786 4916 9849
29 1480 6552 3055 6656 9563 8991 1489 9619 117 5693 741 2015 3842 1632 5006 5422 7455 8116 1651 7256 5621 3561 1158 3290 3920 7642 8972 6999 4378
34 9626 1273 2711 9514 700 5205 2720 4346 5192 2883 3564 9305 9628 9685 5934 3795 3090 3459 7861 463 3573 3622 1105 2440 9936 3554 6876 1 6589 3336 4971 3931 2373 6505
14 3555 8890 7914 3602 4920 4084 171 640 4403 5170 9438 3305 1136 7918
1 7936
1 203
36 8046 5324 1138 6706 4552 5445 1605 7070 7369 6901 1593 1867 8455 519 4291 6381 5717 9679 2390 6663 7580 5769 1902 8950 8029 4472 989 9385 6444 7785 8375 2035 7151 7068 5784 4473
24 1691 606 6757 4071 1528 4679 7929 7401 6271 2429 7140 541 817 7028 5511 3153 1959 1797 7973 9177 3434 7238 2175 6104
28 7957 545 8708 3549 2681 9888 2917 7471 311 8766 993 6961 622 5127 7737 8209 9027 5947 7638 4348 2690 9492 4564 2825 9005 2011 4383 3507
23 7293 273 6807 3167 610 9325 9409 8865 222 2434 5300 1994 6123 5235 5606 7499 5323 8758 2856 1563 7898 8540 1662
28 7882 8924 3444 9140 8725 4307 8196 2061 8675 563 6900 3049 6283 699 4164 3058 4299 9678 2095 7886 3906 8860 7216 7822 3609 395 8775 8569
12 9889 6695 8703 7040 8630 768 6724 8670 6460 8850 6423 8895
15 2313 3855 7561 5175 2384 5550 9353 5526 9064 8499 4837 5344 2693 6828 4747
22 9675 1345 4833 2912 8329 6198 394 4894 3371 8559 2314 4948 5888 9449 5081 6454 2394 595 454 5176 9250 7820
28 8395 3582 375 286 920 2603 7913 3923 372 7567 5213 4150 1005 658 5222 7178 3368 2896 5128 4669 2654 4019 366 1259 2595 9334 936 8738
19 2261 2559 4277 8597 961 2635 9550 1040 1509 5885 4474 9283 8189 4491 6068 608 1974 1458 9251
16 3988 8075 2869 1491 24 9020 7952 4637 3133 4143 1630 8962 734 6541 1406 1135
27 8511 2576 4665 4842 8533 9216 7141 9523 1664 3239 29 1833 8796 6228 5716 8644 5566 3578 158 7096 1476 1859 7138 9056 8802 5149 7842
18 5212 6361 1888 214 3654 5858 9944 7248 9634 6861 4202 3165 3062 781 7697 163 5618 8345
32 7318 3103 9207 5449 5112 2986 157 660 2963 4214 7063 7862 8420 3912 3862 7119 1680 8932 3565 7210 3354 178 8920 7883 3594 5062 8998 5302 1822 9351 1120 7024
31 5353 957 2828 2008 3281 5565 1978 2520 5881 297 2941 4703 3693 8548 4495 8840 6159 9187 1989 9649 6856 874 1260 6886 2333 8015 3227 538 3902 7288 4795
37 489 8406 445 8637 3025 8102 4451 3471 5406 3276 8317 3030 7323 5598 5381 8823 7064 5304 4408 5161 2065 580 8228 6558 6448 1421 1977 1631 9949 7305 6194 294 9953 5373 6388 2139 868
27 2910 8342 9166 5308 7640 268 4223 7877 585 3411 5649 1860 4400 7927 7447 1179 3191 7777 840 7492 8577 189 1091 4236 8185 8013 3277
21 9581 2245 4866 3743 1465 1145 8728 6739 1735 3005 8204 7287 4882 6321 40 7855 2210 1820 3039 304 7615
27 8452 8587 8520 4829 8179 5990 9730 7799 9666 1692 2942 9469 4778 2780 4482 895 6034 3102 3568 1391 3871 3465 1624 8126 391 2294 9716
18 8736 1993 1269 5779 6039 2769 7648 2884 7637 6705 3680 115 8058 3981 5462 4701 3595 1905
24 1725 6649 6026 646 61 4687 3457 6952 6456 9195 6424 8377 2278 1170 4788 8184 984 2043 2966 2612 6295 3356 2617 859
29 1773 9411 419 7229 1815 7911 6485 9901 1635 3692 7236 1866 4706 6160 8479 6843 8804 5245 2958 2626 9985 9575 5428 3759 8809 3626 3959 7723 6339
14 5739 6965 7687 9291 554 4066 7468 7391 3624 8308 5664 4501 7405 4978
16 5402 6633 9429 8262 8578 4586 2327 1125 9510 4644 6684 9248 5910 3517 5122 7368
19 3168 3410 2774 2400 9121 3022 9524 7755 1762 3896 1638 2318 6592 5630 5119 8166 8690 5364 8669
16 9720 8509 5113 8271 8425 2418 3155 4023 2290 8780 1748 1614 1395 8980 5587 361
12 3646 6913 1163 2507 3294 9670 6694 1532 1372 7227 3536 836
15 4026 1438 4056 5089 6767 896 6418 697 7088 6607 4184 2176 9644 26 3000
20 7787 7709 9981 6269 8783 1794 1840 8086 3546 2531 6493 6044 8213 6956 1332 3321 5157 3576 9955 7192
19 1251 2324 4014 1227 2355 1784 6934 4536 2250 3697 5948 6502 8787 4475 1637 3647 7624 632 2851
20 9099 8243 3333 5818 1447 527 2296 6196 6662 6164 5971 8484 5996 6457 7716 451 3031 5515 5072 8002
24 1883 1202 6529 1984 1194 1123 9820 842 6912 1539 2957 7683 3369 8030 1640 5156 8871 6082 2054 2192 1043 8218 7089 495
18 7186 3245 7810 7116 9371 3655 6794 7398 8965 9579 9667 4498 5073 4518 6769 1277 9931 3484
17 8145 6654 4873 6842 4986 6189 9046 2589 7864 4877 6742 1609 109 3708 2067 8037 2866
9 8489 3786 6139 5713 5227 3527 8435 8227 6610
31 8449 3579 1407 956 1228 9805 5218 477 5309 8149 7312 1838 9717 3249 3147 442 2218 8772 5267 5303 5274 9900 8036 9812 9783 5568 1166 9350 8755 2853 7904
15 9090 3382 1492 1384 6818 4984 666 3826 4583 3724 7180 6345 1355 2899 2736
29 1823 6135 3236 6579 3866 3540 7422 190 6404 529 3409 530 5615 9137 2297 1508 7819 4313 8742 3502 7592 2842 5068 1292 1383 274 7100 9850 1740
28 2741 7612 6924 5387 8557 4452 7114 627 9882 2166 9935 7792 2233 1512 5808 245 7889 7156 9196 6745 9872 4067 4466 4065 5470 6522 8163 242
18 9559 6150 9402 6338 8290 7900 3197 1323 8458 6799 9406 1932 4781 7108 9624 1736 8594 8304
26 8645 7993 3257 8024 2904 6609 8711 6425 3640 4246 9052 1896 6155 9616 839 1684 9242 5135 3664 6962 281 587 4456 4212 7976 9533
14 4387 671 8302 3651 1113 6199 9254 7198 5991 6306 8097 9308 4251 5512
11 7020 9347 1580 3596 9864 4867 3148 3358 6285 1720 1682
14 3990 6590 2536 4693 8338 5491 7538 8158 9654 3311 4546 7891 7653 7948
26 7329 1013 9473 7129 9463 6236 3208 2641 7320 2817 5743 328 4428 4208 159 1803 8254 2028 330 6313 3694 2255 7781 8461 1982 2358
15 8464 726 2538 6849 7893 5237 5351 2079 9595 7325 1452 5768 592 3237 3856
38 2714 8055 9128 3316 4885 6655 1024 9022 9852 7117 7230 4260 3053 5358 5746 2900 3758 8629 7704 9452 9920 5875 3460 8020 4297 2938 4635 7086 4107 3258 46 9911 743 6391 4688 8648 3447 6226
22 6740 9045 7512 2357 9767 6110 6884 9246 4414 8376 2123 6804 3608 3152 5951 2046 2388 8500 6301 5555 257 3897
33 8586 3951 902 2784 2838 4050 7553 4440 9996 1874 2956 3461 4803 1852 6741 7616 4101 5347 1175 2753 3194 4487 2719 3854 1096 4180 2631 5673 4075 7349 7402 3884 914
35 4673 2006 2143 4511 2436 5866 3138 8848 4537 2788 5034 2026 8021 2748 3160 4170 8739 38 1121 8426 521 9556 3658 3263 4613 8676 5107 5830 6428 9074 6443 21 78 8684 8532
39 8699 6528 6735 7253 6877 166 848 4437 452 5359 2450 864 5656 8979 2600 2512 4652 8323 1734 2045 6752 1689 1402 2230 221 3865 481 9440 2041 4409 6346 8491 9516 3977 959 4316 1772 5597 6400
18 3198 945 400 2335 4648 9544 1829 7104 8104 7949 1090 2352 7575 2767 5247 5117 9739 5524
23 8749 3384 7846 8136 8566 5744 892 7451 1370 9974 4109 5510 2862 1192 5564 2223 5770 6140 60 2024 4509 3256 5561
21 8203 2928 7372 7357 9768 2874 6909 315 5187 2106 119 4062 2426 3029 7346 1030 8674 177 6756 3614 7264
27 1644 5060 9691 3104 7128 9851 3585 3170 7572 2276 5654 6851 5332 793 3910 6905 3915 8504 2997 952 6386 4578 6696 8299 5002 1288 3413
31 5721 8713 271 9261 4910 8792 1850 8073 1100 5856 5535 9087 3424 6446 9191 4200 4352 569 8353 2906 5389 1943 1425 8186 7806 7845 7776 9384 7175 9661 2252
18 2646 2293 3067 5500 7319 661 1557 9306 7301 8774 1625 3329 9401 5698 9459 2494 557 3613
20 6398 4634 3572 2742 4455 5710 3891 1647 1441 8715 1328 8277 3938 7677 3821 3849 7428 3879 3462 3202
10 7548 8447 200 1674 7585 4233 1530 499 6377 6690
19 4776 9412 3976 9611 5466 3295 3024 4044 7480 6786 206 2523 6004 8967 2144 2286 7302 3359 8907
22 3430 5517 1263 6168 5411 513 6239 6166 6703 6304 4935 9495 9950 3176 9947 7224 1955 1778 4768 7189 9967 3713
21 8892 2118 2975 433 9274 9078 1697 3875 6455 9503 9813 6749 4467 7546 5911 8348 3315 2191 7718 1898 2148
17 4112 7768 6875 7870 8978 3601 9012 6053 41 7804 932 9741 2034 7981 255 8863 8199
26 2140 4194 1386 6206 7249 9267 9328 965 8370 9526 5049 7712 2511 5189 8883 3773 9116 8328 873 5298 7659 9358 6187 9331 6675 1976
21 4196 9204 5369 7326 277 3989 8261 4225 8274 7574 5890 3291 782 4619 7779 4620 5233 3010 2267 6612 3525
6 7347 2515 1363 457 5480 3503
25 853 9316 8351 1142 9164 4661 1002 9571 4255 8539 5954 6982 4624 1233 2401 3116 127 6926 890 8014 757 6211 6105 1953 2308
26 9965 4699 8832 9282 4787 5182 3334 3625 7406 1200 9627 3068 7314 7355 5228 2404 8621 121 9142 2396 5800 8815 4188 4993 4218 5456
20 3779 1524 8462 6330 6200 209 1387 9255 6410 6669 6737 3362 1886 8034 9560 4639 1117 30 1270 4301
18 8786 2455 8062 493 5936 6208 8573 3916 3092 4794 4250 5983 7568 149 6176 1950 4631 322
26 7379 2147 1869 4248 1995 2281 3317 3947 5295 8902 9715 3396 5214 9874 4596 2495 5627 7746 2473 2527 3597 3186 9086 5778 4898 5438
27 2198 5636 6693 2074 3510 4421 4630 9845 5771 1564 9806 2657 1010 5540 1177 7085 5748 7481 3124 5307 3215 9553 576 8997 5728 6995 7105
25 4848 1667 730 64 2566 9994 7975 1970 6055 6718 3129 8309 9011 7689 3188 2399 2782 1208 7359 2534 8084 4357 4000 1322 5110
40 6526 8198 8346 5425 4684 4980 6765 5569 3541 6420 9636 128 3403 9543 4558 7631 6008 8440 7177 2539 8963 720 4662 150 8419 1653 5966 531 332 4484 6270 8178 5088 6106 9605 9157 1435 7517 3455 3630
18 7817 6202 1054 1218 409 9030 4544 1267 2930 248 2482 2718 9269 736 4626 1157 6490 6539
20 8784 6743 8079 5377 5887 8040 3603 482 4815 5025 9869 8157 1810 3991 8207 364 4982 9956 2188 4614
18 825 8146 6003 6358 4507 4836 9890 4717 9018 8937 9742 5100 8743 2197 8460 6246 7978 5877
27 6639 5507 3885 4154 1223 3017 8688 5541 718 5282 3732 4502 1501 6879 6682 6274 2699 63 4856 1293 9221 4460 1622 7824 2824 2785 3545
25 2863 8835 1221 1804 9297 4761 2160 4080 502 8382 6711 8524 3426 9265 665 3843 3381 2325 9618 2044 4382 777 2125 5607 6600
26 5017 8434 7243 7373 4153 9744 7430 6327 3054 6536 168 5285 3495 9631 6255 1518 2649 4629 1197 9028 6542 3285 3449 5625 1164 1035
29 3066 565 7907 8588 2051 6265 6125 5448 4349 3073 9388 212 4497 3830 7750 326 47 6360 6390 9871 1276 4806 2799 428 3799 8410 5562 8048 2936
32 5920 5191 435 3557 4863 8695 7465 7169 1313 9226 7666 5516 7414 9830 9881 1997 3490 4902 3512 6245 2387 152 8941 9375 7339 9381 9659 5956 9193 4813 4925 6524
13 5090 7446 8664 4875 9312 9286 2973 7255 2810 8448 9927 6154 195
35 1655 9487 975 9815 7102 4593 9633 1827 4720 4410 533 8219 8915 1184 5829 9926 6473 3083 2837 4686 5120 1924 318 2058 5036 3784 9858 1389 3241 7681 9998 6830 6289 8336 748
27 2881 6469 7876 3200 6942 2783 1057 4807 6547 6328 4376 284 4659 4048 5352 4137 1239 7925 7745 2170 3201 4114 2933 129 2307 7670 2876
32 3610 3105 8989 199 1550 9640 9428 5699 802 8223 3833 4282 1601 6409 3816 9419 655 1908 4847 9586 6029 2717 2984 1583 3509 7345 2370 6878 1882 7160 7917 1244
31 9382 1240 4643 3632 6922 6071 4207 9769 498 2305 1830 9485 1206 290 4039 3717 3319 5329 3818 4312 5374 983 5368 8017 9212 4692 5942 8141 7371 2030 973
28 5892 3544 7867 3958 4285 3050 2497 69 8112 8803 615 7000 3182 439 3040 5777 1986 4681 8816 1326 2235 678 3108 6574 4830 7966 9252 8364
21 4253 1843 95 601 2179 5955 5434 8446 4826 7232 7442 7557 9104 3739 5833 2216 3366 4011 2772 8712 7969
22 448 4155 4228 7196 3119 1496 933 5069 8285 8093 9349 2532 8403 8164 4800 767 434 6157 4237 5098 6500 7753
14 9705 2927 780 6128 497 9109 4399 3114 3475 5477 2537 306 6509 1446
30 935 1186 8140 6220 5816 854 5957 9710 6012 4404 4512 7172 4088 7874 7541 6475 5626 267 8428 3082 9647 3909 509 9826 2437 4013 9239 1881 556 8887
27 8868 951 6430 5712 5686 381 3375 6069 3479 8133 9549 3605 552 6186 1876 1272 3199 5663 6413 1628 3950 6567 1686 2522 2852 7275 7809
20 2112 6971 4733 8531 7554 3420 5711 3772 6550 3666 5240 2056 6058 3093 9680 6030 6021 6634 4555 1399
25 210 9804 3399 57 6710 6645 2031 1196 5999 2992 9757 357 417 349 7226 2132 7752 6871 3193 8235 2630 613 5850 8392 8971
13 1215 211 2338 950 3972 3445 2916 3921 9009 4705 1500 6615 2573
16 2382 8604 4003 4444 1503 98 1252 596 7097 5783 2167 27 2036 8088 4239 3076
21 4657 3840 8614 3851 1777 5602 9289 3770 8831 35 7665 9925 8572 8051 8904 4272 4265 8925 1901 2152 2269
22 9657 6316 5585 8856 4782 3542 2934 9613 3606 1723 9625 4666 1729 6474 4179 4973 4907 6764 9483 2625 8221 9448
31 4020 511 856 9702 4804 7662 9118 5668 485 830 7690 3966 3783 832 4405 154 9795 6563 9135 546 5660 3499 9379 4531 8974 4567 8076 6827 2389 5270 8280
23 4028 846 8575 9071 6659 9735 2109 5719 3566 483 6800 656 2967 1873 172 2414 6984 6109 6771 6000 4396 4658 2212
21 5984 1111 8118 6503 3740 9743 6903 1461 8653 7759 7444 7641 9062 9332 8288 8598 4670 4674 594 644 4122
19 5756 5158 2442 1755 9512 9992 8747 1963 5824 9557 4869 7934 3793 7380 7277 8192 9391 3662 2873
20 6293 3962 4602 4021 9511 1201 2892 6498 507 7791 7884 8795 3616 8940 6857 6340 6392 9620 6122 9954
21 266 6036 8085 8791 4141 9002 7668 5054 9464 9414 4115 2639 4411 9006 6050 4009 4660 8567 9069 7720 5416
10 4520 5292 1685 8981 9042 1133 9345 9884 7434 476
25 8681 8955 2686 8128 3701 9314 849 164 9450 2982 4696 7685 4938 3398 5259 506 5037 1460 599 1949 9132 4957 8733 2924 3936
33 3036 7686 5012 1102 6141 4160 3615 5766 3220 6305 8682 7710 9190 1863 7193 1634 2731 7579 4587 6357 9975 6336 8764 2391 9964 2621 430 6447 9162 4165 8267 2816 6124
32 4029 292 3583 2577 3453 6754 7190 3112 7174 5234 32 169 6575 4656 4893 6356 3370 9179 9832 3537 5650 7730 8138 2406 3075 5249 7583 9541 9431 5399 2521 6314
22 2802 8168 3414 2470 1913 4245 3275 1627 1430 2000 6394 8059 4343 7464 7113 7488 3661 1337 5490 8061 5266 4936
31 7384 2651 9610 5678 740 2663 3047 7211 3325 8042 8768 5539 4031 6858 6438 2754 3286 4940 2260 6523 982 5806 9209 5503 8995 8665 7425 388 9542 6057 9049
26 9751 7628 3807 7494 9819 9477 9182 378 7348 2077 3051 5662 6076 9681 4953 8951 5593 4371 6344 4086 776 7839 4374 8197 9032 5950
19 4493 6538 3287 8155 208 753 6966 2076 2999 9738 7208 1222 2105 9712 7933 2181 5050 5291 3539
20 986 8368 5473 9133 313 7994 3789 761 102 8187 5799 6173 6407 8071 1786 7974 525 9201 479 8528
33 5619 9130 8390 6729 2060 7922 3524 4205 1835 146 4704 9224 6119 4035 2952 1106 5921 2323 1151 3433 4880 6648 7856 1985 3895 9324 8741 5927 2443 9674 4210 5111 4732
23 6969 2937 3328 9341 354 4914 9065 276 6825 8439 4481 7564 6985 2224 1529 4853 9908 2844 7596 534 5687 3412 9488
18 6048 1910 3458 6023 2408 9180 1693 8367 8173 5239 992 2180 4879 8194 8555 922 9457 4887
24 7394 9538 92 6402 3038 4841 5601 7246 2178 5514 8035 4585 9641 2464 5495 9171 9037 5371 7132 238 8165 2704 3387 9865
19 6927 5543 1281 607 376 6652 6317 7237 4024 8421 1046 3100 100 4958 3663 704 6601 3190 5091
28 4450 4764 4318 2981 3057 5453 2241 241 9902 7663 7438 2146 4139 6638 352 4372 8609 4645 1365 5822 2732 5180 7729 8649 9589 4559 5705 1375
26 9100 9497 7092 8347 4615 8826 6261 2108 8546 1845 9475 9327 8445 1952 572 6998 1884 475 3493 7389 233 333 1486 7725 5035 9203
24 4854 7847 6182 5751 3446 6584 7209 5263 1796 823 1038 2551 3636 6647 5674 7840 7495 9033 370 1245 1278 4007 6920 2660
20 2207 7692 6280 4259 5433 908 1234 6814 9722 6101 415 2781 4247 1381 184 5767 8710 5419 9389 220
23 2119 9138 3721 5076 3232 6643 6216 4888 6512 7636 645 4045 5584 8615 2751 9833 9240 139 912 4442 2322 441 4817
21 3435 8298 3993 6024 4969 422 3212 6537 2878 66 8529 6244 3117 6078 9410 5709 7284 8986 1824 8526 8778
23 3775 1733 7081 2217 4327 6488 657 9617 1079 751 8188 728 4595 6580 754 9202 9969 2033 633 1168 1474 1048 7110
21 881 3127 225 8591 4171 6809 9537 1072 3778 5628 2776 9035 942 1349 161 8273 5944 8306 8753 5696 4650
26 1587 1348 7203 1324 8018 9576 3802 8259 6480 1189 9761 3556 5287 4485 3477 1319 3071 8026 4562 1073 4676 8442 4097 4271 471 7168
21 4749 1146 9199 8671 8191 9972 7364 1294 6009 4617 5690 6272 7479 7387 1016 134 4517 855 8927 5244 7201
26 9276 2585 7682 8642 9905 4792 5375 7837 2653 617 2688 9923 9127 348 1032 7901 5702 6222 7868 1232 7245 6930 2771 7684 9525 4191
33 6763 7162 8159 4990 4913 8876 141 2578 6504 6133 8379 4786 2696 3169 7732 7812 5815 85 6089 1352 6370 4123 3716 4638 8789 6619 2733 9643 6396 7832 4215 6869 2334
16 7448 9273 8101 3468 3834 2171 8785 1676 2272 9068 5241 9262 5720 1182 7912 5982
20 3338 9546 1738 6967 4709 1012 7534 491 2613 8763 2831 9134 1494 6399 7207 1250 6380 7370 3760 2650
23 9809 7019 3584 7477 8654 708 6570 7535 3949 8882 359 3314 2919 2362 9737 5853 7474 5724 7197 6762 6251 1188 2591
28 4046 5409 5837 1565 8960 4017 4300 4607 9158 7191 7916 6784 8176 6896 459 8167 9564 1369 5160 6989 2304 7578 5124 7276 907 2452 2075 7909
34 7322 9842 1346 4890 8190 9392 9234 1062 5913 5958 5366 5695 9645 3141 7135 4713 1255 4605 6587 7342 3970 1181 871 3345 4398 1069 8911 4997 6281 1262 1011 2868 9932 6667
34 2385 921 4714 4063 3757 8412 7620 3940 6618 4366 7041 1613 7770 494 8973 5043 689 2745 8834 5169 8562 4503 1988 6838 5725 2658 6728 6436 958 3698 6014 6637 4922 5840
20 6247 9846 4070 772 4099 9897 2990 1537 6719 9816 5952 369 6178 7012 5385 2943 9937 3448 7257 2499
20 380 9213 8806 4930 2661 2126 8378 7263 2513 5082 9165 7811 6132 1553 4966 5183 300 1745 193 4027
28 7595 6213 4344 7278 9364 7724 8094 7816 3531 4326 6437 2209 6422 9684 7656 2857 5838 8984 1453 7282 5622 4477 3247 2057 6231 3235 3886 9489
26 1256 3530 9159 7043 1746 9466 6987 2673 4055 9394 4034 3513 6833 8595 4871 1968 2505 3482 2979 8761 2665 8938 4798 6744 8201 2029
25 1311 6597 1169 7118 9774 7171 4331 8652 3364 3205 3181 4119 2480 2187 91 6367 1023 8307 1116 7788 1851 7591 8222 9522 3523
18 8066 4256 5557 6334 5238 6777 6805 4849 244 7010 4878 5457 4664 2706 39 9948 6486 1817
8 4163 5579 7508 1143 5040 3729 6080 1880
32 3439 3451 3326 2320 6066 775 2640 1422 9247 514 9570 2607 5701 9361 6698 4535 1511 3673 7344 4744 4384 2368 3299 8372 9232 5608 9843 3876 8931 6496 6847 2615
30 5437 2291 6484 1443 9263 3670 9561 2797 709 8737 4816 9481 156 9063 990 6062 5519 2954 1436 120 7814 7643 7187 197 5026 9302 386 3551 262 2257
21 3418 2602 7808 3393 7941 2652 3122 3872 4636 6491 643 7134 2240 8120 826 8719 9148 6318 3283 5832 3337
23 7633 9237 2377 7558 1109 2674 9458 1971 5994 4872 9496 6013 779 3669 5576 5400 9044 4032 738 7032 6079 4771 3820
18 3746 1862 5116 5382 81 9344 5405 9731 2846 629 806 5279 444 3261 8909 1081 252 8303
23 6902 1864 8800 8970 2360 4278 7988 6172 5962 7309 9836 3532 4393 4105 4355 9101 6716 9186 6086 1696 5339 4729 8905
14 8272 5594 2173 9539 462 3924 9763 3904 5553 3242 955 2354 6545 4900
19 5426 4756 5328 6279 3952 8300 674 9962 2565 7555 4006 2205 97 8851 8744 5039 6347 1468 1956
30 1415 3946 553 9357 7234 374 6138 9156 6915 2988 4356 9070 1523 2675 4266 6946 876 5803 711 1721 7762 3195 2667 105 4089 5914 3330 6249 4861 8215
25 1172 2128 8617 8990 1098 4274 3238 6672 4724 5271 3839 5045 6273 7456 8694 2403 4130 1160 1768 5603 8746 6359 6156 1246 3158
22 1302 379 2453 8245 353 1325 9505 5087 3421 2543 3126 5193 1211 3785 6223 8493 578 9825 5310 7532 7593 8253
23 9318 691 358 7761 6366 6939 3203 2275 3930 1942 2228 9408 7457 1937 3685 9151 5847 6188 7693 867 2288 7590 2746
14 843 8263 692 9019 9952 9632 9249 4722 6406 1291 3234 3214 5463 9034
14 6476 4213 9059 4415 4588 9928 8603 6237 3623 5679 6953 6081 1275 6544
17 461 4195 118 7513 7066 6630 701 7445 7829 6657 1110 8220 151 175 4211 8996 2053
27 4884 7150 2107 1700 1417 2790 1673 5260 3423 1412 7573 4858 649 5844 4270 5861 6508 8782 2766 5014 2115 74 4441 1459 5943 9073 3341
20 5008 7231 7679 8485 821 1475 8686 5809 9963 254 382 7466 8506 5451 4819 2875 7274 7145 106 3086
28 355 4328 7321 7769 7336 2072 9284 7576 1521 9983 3675 3648 886 325 3373 4227 3867 4801 7629 2556 8585 4711 8542 6832 6290 4838 4719 9119
37 8667 7503 6094 2264 6098 3933 8869 967 1450 4347 9424 2554 9272 6331 7313 949 4739 5899 2292 1595 1429 659 7939 1455 3228 6593 2584 969 8961 9822 3282 6146 1572 9664 8704 2493 8232
21 8625 2477 2110 6671 1620 6375 8827 3657 2969 4960 8257 3474 663 397 458 2343 7778 3574 8968 3684 3081
16 1660 1257 9346 8135 425 7935 8631 8486 3806 3901 7726 872 6464 5726 9591 3526
26 4532 7515 5915 8993 5031 1470 934 1779 520 3429 8416 2702 3829 147 2415 8956 8582 2330 5552 2270 2508 4623 9268 23 2055 954
31 4038 5792 8687 6292 7037 917 2525 5009 3997 4834 2558 377 2867 9288 715 3498 7048 979 5764 7014 7030 4828 52 9208 584 2965 7672 619 1654 1089 9531
32 7316 2048 2809 8610 636 5835 9652 2341 883 6806 6243 6121 4519 3974 8400 5995 4965 4217 9566 2040 5632 542 7271 4773 866 6773 3844 8443 8897 2371 6723 3927
21 4944 6882 4989 857 9837 7143 7279 9912 7103 6623 6197 7984 6885 2220 9724 9478 7407 7613 5257 9854 7844
22 5070 7361 4397 9766 1309 2680 6846 4528 7562 9612 4584 7971 3963 3874 3415 9607 9354 9877 6948 7408 888 3087
28 7915 9228 3761 3798 130 1872 3735 249 6727 9817 7691 8214 7903 8028 8312 508 1297 6297 4775 6056 6797 4550 5786 8107 1906 2158 5633 3456
10 6426 8953 5163 8038 8266 6907 2397 7453 5981 5903
6 9077 4895 5289 6268 5441 9377
34 9031 1774 847 4113 7873 4433 7569 6850 4146 5967 1469 3146 2121 5001 9150 8413 6932 8505 963 9264 547 2948 2156 5452 9844 623 6103 2945 3011 9697 6007 1990 9211 3730
22 5356 7764 8296 6582 5465 2407 4653 8407 3621 1220 5305 1912 1008 4264 6333 2412 7483 5320 420 2752 1540 160
22 1831 9054 8318 8798 4857 5488 1299 524 5684 8103 230 3710 9896 4206 6746 1710 862 5021 1785 8623 3059 5078
23 1004 8918 2885 8628 4353 138 3230 5941 4249 8105 8510 9584 1338 4694 7498 5221 6114 2978 6144 7385 2728 1056 630
15 7176 8820 1947 925 6865 8945 865 5782 8283 6067 6248 4677 6519 1376 3246
33 7516 5567 5123 2547 733 1364 6167 2122 3754 9729 9238 6904 6707 4244 2159 4147 8361 2164 6161 490 5219 5061 8987 72 5099 1960 4290 3150 3452 9423 2097 1704 3223
27 3394 4594 799 3878 5064 137 4981 3731 7794 1282 9082 2174 4293 8373 7857 1051 9089 7542 6416 1934 6810 8264 2545 7095 9323 7185 4341
26 1589 1972 2921 913 2648 2393 2898 3450 1716 6816 4117 4129 1930 3691 1433 1999 5074 4843 6393 9637 4302 7078 9701 5534 8316 1855
38 2141 6218 3961 5879 7830 8801 6415 2467 2315 2972 1603 3986 7894 3469 6629 6677 5179 516 851 2568 7159 716 9096 6925 4190 1790 9907 7727 9200 7262 8270 9597 1483 5741 132 3344 7281 2820
18 7798 9482 8864 4924 6923 9370 6963 8401 4937 7006 3466 7080 3391 1752 1248 2184 7120 4796
15 5481 4159 5458 833 7045 2541 4449 7415 4566 9980 8268 1067 6315 6351 5987
33 4784 2206 7018 4767 3352 3085 8239 2764 1193 1598 3790 544 1504 3967 9623 5901 7501 9420 8033 3157 5959 1330 5407 408 7780 1979 9592 6495 7800 1890 662 3383 7997
23 3982 1531 3859 265 5933 3077 2989 3814 1045 1967 6041 7920 7924 2829 1891 3751 8160 5998 7075 3376 5401 3048 8885
36 5105 7931 8691 1104 6084 8023 7738 7418 6379 3339 2374 6566 5907 6674 4407 2023 280 8229 7843 1799 2601 4939 6829 2760 7872 5610 6683 7560 968 201 9646 7721 6691 1576 1092 1730
21 5101 4921 4068 9433 5700 2907 7334 1271 8709 1561 1266 6910 8244 2025 2687 987 8237 695 6238 1083 2659
24 4689 6933 76 8647 3905 342 7493 9300 9859 5413 3044 7449 2246 9303 8952 3211 7440 550 2086 7531 9789 597 7122 1131
21 8339 3225 6751 1944 6562 8668 897 8301 8926 8659 9441 929 2796 2980 9155 5104 3567 9958 5930 226 532
20 272 8444 8099 7167 3355 2548 980 1393 2535 6319 7266 3425 4496 1639 7366 3348 365 938 5878 2346
16 1875 6868 9687 2234 3308 5394 387 3811 9823 7609 618 1176 9800 1541 7392 1159
17 8125 5211 997 3672 3210 2977 8799 621 7614 1463 1466 8843 924 8662 1568 1791 6190
30 3278 7341 1198 3628 7793 4832 4802 1897 4515 4561 2713 8857 4224 1911 3476 6596 3782 385 8896 808 7007 7680 1787 8494 4453 614 4963 8006 4118 6626
30 1392 1679 8544 1584 6808 5708 6134 6921 6837 4209 7412 285 6681 8620 2893 5083 9106 5372 1709 4074 3372 819 5785 5986 2433 3943 4425 6229 8677 729
19 7749 2248 5421 3765 9167 9000 7654 3173 3007 402 9319 4314 8182 8123 7381 5165 310 17 1140
24 8721 5386 6641 6848 4167 3752 5641 1922 9192 215 586 4406 4870 3231 3496 3913 5681 7754 8935 7400 185 8966 9088 6687
23 15 8148 3271 5965 4892 8072 2614 8111 3750 1264 1834 7267 5133 536 2052 4824 9001 1283 6617 8234 4252 6458 3431
22 8543 8193 759 6515 7926 2557 2366 6120 2213 4111 9694 2901 9143 650 1203 7940 2063 1026 5203 1894 1577 5542
27 9160 7998 8830 1431 4430 350 5635 537 5250 4821 4072 9141 2622 2039 6793 7838 3570 809 1656 2229 6310 5640 5468 8473 8162 5363 4678
26 577 1981 4702 9229 8760 2359 4221 3432 676 5201 2479 6898 2526 9810 4486 429 5188 4682 275 319 7222 384 2204 960 2155 1615
30 8502 7383 4881 7194 8901 6253 20 2468 9474 5134 4104 8547 6864 2383 8550 2645 771 9322 8366 4864 5527 1753 8729 570 1403 6990 9115 5118 1374 6227
26 4628 2130 5301 7987 6883 1029 9298 4085 8467 6699 8492 8814 1368 232 5380 3753 4642 9934 6571 2402 4330 6451 1870 2104 8788 7204
35 4087 9790 7701 6722 9038 4323 2082 4654 937 4734 4499 4667 3845 1428 8134 1980 7490 1612 9838 65 7639 6389 9378 2417 4470 8067 7866 1832 4765 1296 5645 8305 9791 2858 3780
29 8212 2835 698 816 9362 6181 7967 7961 3722 5843 8988 927 9299 6713 9987 3984 947 2309 8326 1907 484 7505 8819 8874 4340 2237 4945 5084 3711
31 4394 1861 1464 6203 1871 6734 5306 1671 8150 1715 7004 4426 8063 8481 6708 893 8450 6642 9734 3645 1448 6234 880 5278 3079 5216 8281 4333 9217 1249 5286
23 2931 5208 6730 4690 7327 8027 3781 7525 4772 8793 4685 9988 6839 6532 4219 196 9513 9968 7148 8293 5041 4675 6591
20 6548 852 1061 9574 112 1199 202 5523 2444 9368 6680 9498 5909 3592 2994 1926 4745 1623 2427 2487
28 5694 412 8007 5670 5200 7142 9479 5094 2089 3135 3130 8225 8717 2439 2332 9754 612 2882 2037 2821 6866 4368 9978 1187 6661 6632 6750 7771
20 1424 3269 7164 3251 3846 9785 7763 5486 3454 320 9015 8807 9219 8360 6888 10 4591 4539 6712 9287
21 7728 2042 501 5210 1360 2 1210 133 8087 2021 7647 7296 903 4125 9230 5155 4002 8551 8534 9333 2758
17 624 2498 8661 1534 5692 7627 7552 6235 2670 7149 1687 5317 4263 3216 1844 9404 144
19 1071 8064 8289 4329 9107 7065 582 3547 399 4121 5268 235 1946 8381 9798 9181 8522 5588 9756
15 1695 8705 3463 4317 4358 283 6059 5042 3121 8916 1688 8383 8627 192 1626
31 7205 3402 93 2375 9468 3443 2775 6064 1771 2636 9508 3992 2319 3881 5559 2737 6201 5600 7823 1800 3841 6821 1065 83 4608 7796 1317 1411 787 7295 7667
26 6195 8334 6378 6137 194 7502 2438 7454 5864 2078 3139 8624 7598 3436 6219 9321 390 6605 6880 680 670 4018 253 4012 8985 8553
21 4647 5092 6463 1396 5029 1681 1828 4096 9330 2154 3174 3501 561 1591 5556 8344 4222 974 7617 5215 7767
12 8655 1420 6824 2722 9778 4597 8692 5658 8605 724 5154 1339
28 8683 2694 1819 4840 4718 2580 3767 3925 4533 7161 9436 5614 1592 2599 4625 6940 6678 5804 8 2808 9085 3151 8242 9218 654 2454 4961 3569
22 8767 2955 4523 7630 3521 8646 8049 4899 5794 7610 7717 3340 4651 6171 6085 2398 2151 4204 3550 9490 3948 492
21 9784 9857 5297 3534 6974 3163 2935 7009 67 5583 1842 8545 8650 1756 7424 1747 6726 11 5582 5801 7147
28 9407 3593 239 918 7259 6165 3488 216 1217 543 6452 3714 9421 7077 7587 3267 4777 2729 2345 3428 6240 6785 9534 7734 8946 605 4908 4923
32 6312 3221 3357 2561 591 338 575 2185 7462 5005 7158 9779 6332 4060 6442 5532 5143 5140 4043 6636 3776 1590 4462 8004 3300 3378 331 3700 6555 6568 5275 8900
24 5314 9110 5340 1741 6175 7651 5273 1320 7660 2504 5472 3233 774 7852 8470 894 279 9103 5442 9418 9663 231 3132 4865
18 6462 2590 2710 4128 6083 9270 1921 4073 683 2103 5171 9139 1037 8976 6001 8571 207 4545
23 6363 7547 7990 5880 4851 2501 1394 3293 9185 688 9758 4106 3538 2923 7099 5379 4464 9683 1611 8592 3497 3954 7851
30 3847 9023 7543 9114 991 7363 8291 5464 6047 9376 3292 260 4033 1308 2715 2959 2340 3137 6275 3154 7220 2740 6820 6622 5357 7584 2895 8255 6918 6935
25 3877 9188 9879 5262 7091 5139 6625 37 9161 8108 3483 4279 145 4964 4805 4235 3404 7473 2633 6908 639 5417 4582 5023 4646
26 946 2859 6184 1678 9043 3999 3470 4458 6353 5093 9029 3763 7650 2662 8516 5715 518 7645 5172 8431 2596 703 889 404 1714 7972
27 8776 8031 9941 5558 7757 3145 126 6983 9593 9026 7261 7021 9205 4845 3734 8590 5004 9551 9444 1499 5529 153 7520 5677 9895 3804 4755
27 4998 1702 3377 9462 2062 7090 3213 9671 6581 4365 7084 282 8593 714 6772 9397 3 3907 2765 5992 1130 3635 1351 9961 4448 7526 1385
12 3674 8693 9706 9225 6578 517 7062 7529 5780 5929 405 5226
21 1814 6975 8748 5013 2190 4988 1781 8177 8060 4825 1265 2805 4443 3689 4942 5548 1513 4728 2546 9583 6527
11 5976 6038 800 7022 90 4590 2153 5651 1027 7879 8563
22 928 3699 6326 9041 9231 2850 5730 2506 2231 122 110 7626 7807 8475 5016 9447 9136 4912 2268 8707 9919 1555
26 8933 3065 1914 4906 4987 1031 4037 8906 4569 278 3416 1711 3323 4360 4698 5872 9292 3494 9014 3123 841 4809 7506 108 3771 7
12 9355 3222 4471 1307 7179 5919 6588 5560 8417 7441 2666 4178
24 1041 2116 1063 1783 5444 5318 4489 5704 6873 7570 5391 887 4992 7507 1497 8074 3649 3392 77 6204 5506 6145 5916 1732
29 6970 8917 4388 8903 4547 3027 3473 515 9658 1236 9163 4093 1047 5611 5537 8750 6602 1471 7199 6116 9460 9083 9780 2344 4513 5754 1919 5791 336
21 2692 9113 7599 6796 6262 9917 3893 4770 7298 9959 6692 8601 3016 8745 5734 4985 916 4138 1744 4296 2890
20 6513 1075 4136 9337 2478 5142 1416 1310 2861 909 8437 1761 8616 1728 9278 22 9880 9709 5032 4941
32 8576 4979 6459 5102 6863 7094 8482 5313 4919 4092 6862 8833 4198 7417 732 6043 9366 4168 2960 2244 2762 256 3240 7046 5097 6697 581 752 3064 8839 8558 8365
25 2918 3009 8009 1039 970 8958 7790 3965 174 7995 1042 744 2854 8549 8811 7743 5420 7853 5789 1329 858 4185 2226 3440 5010
31 1034 4524 9894 5689 6992 863 8250 3351 9704 1154 8044 5184 4970 5814 7707 1743 9554 7510 3487 3748 2199 7286 7521 453 1818 9848 9862 1007 653 9339 5412
31 6042 5384 9727 4947 3078 8415 1516 4943 9939 6733 7125 1171 8343 5243 7588 2129 8656 9152 228 3045 1668 5613 4746 7130 2789 243 2749 7121 9794 6230 1174
22 3052 9403 9072 3683 3808 6298 2700 7101 684 1525 6774 2947 4549 512 6397 6205 6897 4454 6778 4351 9149 3824
21 7403 8673 5167 8025 9867 9442 686 2684 8284 6891 5810 5246 6540 4232 1649 2903 8599 6440 7944 8153 9914
12 6583 6006 7351 2431 9480 5908 5862 5075 7582 3686 3101 2887
14 7340 356 6714 6102 1314 7217 473 1050 4359 2756 9472 9824 7571 2939
32 4632 4429 4903 6325 589 2588 9470 9943 3968 1551 4203 1342 9122 467 5418 7999 9183 5849 2634 3159 1235 1519 7076 2364 9356 5475 6130 7419 5109 3642 571 8349
12 964 8817 4420 2777 5492 6874 1068 3072 449 293 2950 1000
18 2721 510 3266 4852 5350 7352 2461 3796 5482 5904 5484 6162 4710 2365 5502 7195 3709 3125
27 8813 1629 3489 1505 4335 682 5733 4633 8325 8881 9092 1058 694 7646 3973 7353 742 891 2017 9630 500 1854 4950 8286 8202 7979 5873
21 1597 3873 2299 2833 1918 6414 8841 3828 7860 6308 9547 1078 173 1286 786 261 2142 8127 7144 4135 6517
25 7950 4173 6776 6604 1340 7549 5166 131 7260 2606 1357 3979 8779 5276 7106 9863 3832 6025 8129 7735 3406 971 1132 1964 4469
17 8842 999 7016 1419 4276 943 5571 693 3823 9821 2768 1690 8912 3508 6679 2087 5979
26 7497 2113 8359 3262 4810 5925 2644 5520 183 213 5052 9112 1122 5168 9568 1253 8010 735 9456 3379 9091 2995 609 5331 7083 2202
19 4144 9718 9506 456 6565 7635 6129 4730 8846 6020 5722 6387 2084 2016 6798 8639 7782 2099 562
23 4996 5577 1604 6439 6823 4663 6061 186 3747 2611 1229 6941 8513 4369 9066 1670 9521 3161 7970 9080 2671 5396 2486
21 940 6608 9682 8252 8115 7265 4280 9348 3939 414 8474 2632 7285 8457 4715 1566 4933 8855 877 9215 9868
16 7461 4712 4874 2149 5969 2348 1857 3969 9651 3919 3142 8143 9417 7331 3438 2430
12 7937 9079 6945 2793 812 9535 9335 3756 28 2445 8478 5071
22 3660 5220 8432 9930 8565 2284 6142 9244 1371 1727 8969 1621 8873 8476 1920 8068 6854 3803 9194 6660 8992 3088
23 6855 9886 1770 3668 2996 5729 2803 8247 7962 8822 7500 3331 6977 2413 2068 3813 6033 5080 5528 8246 5019 6483 2528
25 7443 4521 3178 3553 9427 6859 2567 2311 125 5675 1493 4334 7137 3437 801 1538 7292 9548 5360 9828 5277 5258 1382 4598 7773
29 5763 3738 309 9363 8258 8387 634 155 7871 2367 1933 1650 42 9175 3980 7397 9629 7111 7551 8003 8689 4915 1103 5000 2027 5022 6233 270 7304
22 9017 1094 539 4621 2279 3397 9748 4423 7890 1289 6497 8471 6149 6803 7072 7556 6811 7365 9432 4565 9233 7581
6 9060 2834 7206 1444 941 7025
26 3095 985 7821 6530 9352 6906 1316 7098 8495 827 9835 9929 1336 600 5852 6264 7802 875 1965 9395 5906 8512 2186 9275 1719 5478
18 288 7354 7273 6790 5479 3682 7388 3395 3650 8314 4345 50 996 3511 1502 1889 7272 8824
17 7619 1749 5217 5326 223 6174 1945 5319 4025 5349 4876 7254 7061 4468 7518 3809 1107
20 8438 8362 6543 7528 6668 8810 7153 6928 5655 6813 8672 9686 3960 7605 6286 6117 8794 4258 3581 3560
24 9153 1885 3908 7328 4234 3389 2974 34 1547 250 5367 2685 7071 4522 2991 1750 8335 7377 9435 116 5870 4100 4076 5975
14 2560 1237 1782 2256 4999 5851 9400 9870 6686 450 8829 6988 5505 4671
26 1975 6478 9933 7330 2932 5805 1053 7250 6091 1806 6097 2093 7797 4461 4850 7741 1535 8821 803 94 7875 3013 4419 2579 966 4192
26 5793 9957 6431 4305 2254 217 6702 8200 7699 9946 9416 4152 7047 2451 8294 104 7786 3707 6383 2004 8117 5589 3301 205 5707 6371
25 6525 4529 7897 1789 9732 1165 1434 9055 2682 4831 470 6755 8396 5525 9008 9594 9755 2280 5747 8680 5595 901 2342 9399 2238
11 1224 5963 7486 7958 5968 6620 2274 2701 5738 2552 180
19 9372 2913 5882 5131 4322 7107 2462 7848 1941 6801 2485 3110 5106 2285 4974 4754 870 900 9740
21 6131 4229 5639 1672 9665 8077 3736 528 2712 6947 4036 6027 4827 2739 9295 8584 6560 487 3777 3744 7362
29 4262 7124 2295 2447 3374 4560 3353 1853 3096 9688 8583 8954 6376 972 4514 9293 1648 8121 9425 2616 4082 8525 227 9708 6533 5796 5570 2182 9398
29 3935 5522 5938 4762 824 9572 745 2215 8161 7661 1618 3061 305 6077 363 6299 2351 4289 9111 9446 1606 8081 4526 9725 6429 2582 3801 6010 4492
24 9437 8039 3577 5798 80 1401 6738 3097 2500 6492 8844 2242 8908 7960 1373 6802 814 815 3360 8427 9021 9866 6789 7015
26 4306 9945 8022 7504 1533 6770 9801 8045 9899 2708 1769 8930 5383 4976 2911 3136 9476 6282 811 6758 9802 9422 3074 1485 1167 7760
13 8596 3917 6088 7982 7536 4004 7067 2263 1666 2336 9170 4015 1713
22 558 2757 9311 6561 6471 5251 1707 1836 6224 2587 1388 7706 8812 8248 198 2066 7608 758 4571 2524 7963 5513
13 905 3995 1449 9653 5007 6090 5283 5136 1025 2102 3805 478 7433
24 1917 96 1033 2047 1477 4438 8436 8845 9039 1298 8297 3332 3296 8170 7652 2236 2317 6572 4422 3004 2405 3926 1347 548
22 8498 7644 9515 6980 4478 6180 813 9853 6267 1127 4053 43 2150 8697 6225 9811 4102 4216 2894 3023 2953 5414
29 9966 6628 5972 6372 1839 2381 1409 6385 2459 8651 765 5827 8889 9759 4395 8357 2378 5204 2678 8050 2214 2350 5590 1358 7932 6759 2469 7834 750
18 5186 2003 5592 4389 6320 8922 4257 9386 1996 2282 4736 4932 3704 7674 4187 5980 9280 6960
27 6709 9621 9518 5336 7306 6324 1119 3788 6511 3080 6337 3590 5706 3342 2484 4001 798 2871 3599 3037 3481 6126 4176 5893 9253 5460 1574
14 8016 7921 496 4336 234 1423 7060 850 9995 3827 9699 5132 8241 8402
20 7299 2555 8936 2619 668 5483 4738 723 8181 3361 4201 8828 8899 6054 5181 4572 9662 5498 9892 6753
22 1124 1183 760 9102 3955 2177 7291 5923 1596 2012 9471 4110 1717 25 2283 8732 2193 1155 3318 86 5774 7623
26 204 1017 5605 6812 6215 8233 3217 4370 335 4505 5355 114 727 334 6382 6254 3018 2420 1807 7622 1405 4748 9439 8720 2183 5985
15 3419 7930 6938 9309 641 3659 2162 1698 3598 4342 5255 7923 7675 9762 5059
24 5905 8496 8354 6860 2971 9565 7333 407 1451 2157 6736 6510 4579 9807 1780 4707 7155 6666 3774 3091 344 5164 7396 8047
27 7945 3306 3519 3001 7774 9788 7854 5427 7324 7280 4081 1457 3725 339 7942 7439 8399 6169 3164 1856 4166 5863 4553 1321 1925 1238 5828
21 8886 3631 8875 2239 9598 5415 4051 7815 1610 4439 5795 5288 4946 2832 3006 9258 8172 8632 2088 2655 8330
23 2517 2707 2672 2369 4868 3060 1413 1763 1578 6791 2085 4835 5993 5196 8469 1517 347 6045 2553 4240 2638 393 4116
17 8643 4373 3815 9723 7258 7360 7420 3888 9245 1548 4737 8975 1594 291 8322 5190 418
18 9989 5530 5496 2091 162 8679 3639 9695 687 2847 9235 505 9285 1554 2419 5430 7294 978
17 7431 503 6432 8852 45 2889 4175 2303 2763 8805 6635 4573 4727 1214 6309 7703 773
21 7056 3144 7240 9126 1361 2081 8231 2676 7695 4362 3385 5807 5330 4917 9053 4655 1775 3365 2542 4708 9360
20 884 8660 4238 878 8914 9047 915 2476 5643 9855 1816 5761 9 7887 2466 316 6362 3320 4095 7632
15 647 8727 1657 8757 6564 5945 9050 6651 6787 6256 6037 2022 107 1205 784
20 4723 8944 3587 5735 9883 5898 9588 2489 604 8422 7247 3506 340 2549 7378 5346 2138 1764 5884 603
16 6072 6276 7545 8052 7550 8730 1432 6303 9509 6646 2222 574 4500 2289 5918 6278
24 9455 628 1049 4581 9991 9491 7212 8771 7470 2496 6075 4612 2572 4445 4030 5854 2124 1608 2471 5823 5802 7031 6554 3491
20 5 4889 4822 9342 5518 6557 2514 3634 6720 9260 3764 4951 9108 1706 3769 1821 8893 5759 7765 7678
29 2800 5261 9016 2232 1498 1243 6531 5327 2668 829 5103 5114 68 9093 1957 1765 5152 8589 7233 9590 5680 1162 551 2331 5736 3485 9365 3727 9726
28 5145 8041 2127 4954 8405 1400 7964 4254 8734 8465 287 4504 9839 6017 2111 71 170 2416 4226 9367 2860 2018 2778 6937 4182 6841 1247 5573
17 413 9453 7421 179 1708 7835 5648 5199 5874 2872 7747 3563 9081 1036 5742 3516 923
27 6894 1811 681 3312 4975 9315 6949 2428 337 4381 8634 8388 3467 1916 9587 8754 9887 264 838 2380 988 6506 5546 3171 6611 4600 7242
23 2101 5772 6781 717 2195 4386 9856 9578 7655 9445 9924 3937 904 7300 5826 8183 3706 4132 5115 1616 7244 2750 4640
26 4627 5574 7023 1712 7350 7908 931 9903 2801 3900 5997 8065 8600 1295 5194 7858 2328 8394 4385 2569 1575 5397 1397 5077 8340 1858
16 5206 2510 4576 9076 1617 2483 8358 3768 75 2620 4308 9236 4574 5315 8859 2951
19 9893 7139 7736 2826 1958 6577 6586 3953 7740 7200 1737 3209 6852 2265 346 4731 7895 7702 7482
17 5657 3822 5053 6549 5378 2604 588 4339 4603 7955 5638 7027 3794 8537 5067 1440 4325
21 1766 9174 9904 8466 2761 1268 6972 4949 5392 9582 3089 8256 7607 8287 1099 5820 9501 705 1661 1760 6766
23 2594 3363 7170 625 7511 8570 2575 2071 673 7919 3019 4952 8977 7332 3472 4534 9728 5765 3810 721 3726 2050 9530
20 7892 4721 7671 4548 9746 6553 6499 4304 426 2201 6599 3109 8356 3272 7367 9415 5509 5946 1333 1156
26 5703 2306 3034 3183 4527 3998 9973 5231 2811 416 8454 5038 1506 3118 8315 3187 3003 4148 3852 460 564 9173 4797 1895 8561 5549
19 7658 5365 8337 6095 7029 4818 5085 7775 1703 4294 9672 2475 1798 7514 1938 4427 2347 706 526
26 2481 631 4991 2001 9036 5612 6232 7033 1581 6214 9500 8092 9310 2073 4436 1274 3831 5755 7559 5403 5153 8472 4361 1404 6354 6624
25 7050 5144 6887 9529 5066 7073 5223 4186 785 237 651 5229 6835 9918 620 2168 6284 5781 167 4169 2092 373 6427 7828 9693
21 4488 5126 4480 4022 8497 9279 8633 7625 9622 1936 7841 6551 5740 9413 9094 87 1462 7269 1108 8769 4557
28 9764 6957 3695 2002 3889 9808 1742 4465 5940 2647 4680 7038 4609 165 8032 3678 6936 9713 7992 62 6259 2727 9007 9760 7181 2770 7358 1258
10 2134 9519 1754 4142 5886 8393 5762 3177 9125 820
19 1126 5912 9603 1284 3131 58 3911 5989 9098 4896 8483 3996 3515 3303 5671 664 2258 8607 3890
27 3427 6369 8678 9040 7087 2069 2891 7157 3297 3552 5177 8408 8409 2792 6964 1927 5752 2120 6040 7634 2705 3226 6732 3094 1526 6700 3504
16 9803 3941 6976 3324 3548 6929 8756 1241 1520 5842 5924 7225 3033 9745 1080 8230
22 2080 1998 3309 54 8514 5325 3140 468 7126 1675 3558 2083 7980 367 36 8206 6944 6092 9615 1659 9517 6768
18 5321 4926 8321 4793 6688 1556 7241 2723 8751 6516 3192 9124 8818 312 2795 7112 504 573
18 3407 6049 7519 9528 3206 7074 8011 6408 1571 6143 8568 9922 2849 5493 9750 142 6419 5454
27 6520 4577 3934 6867 2779 6826 6899 99 3800 6100 123 5961 8853 6986 8781 981 3944 885 4956 5745 4131 6640 2744 919 1442 2372 4321
19 7426 2855 3653 8777 5775 7688 2321 6890 5236 3243 3367 5015 3728 466 995 6487 3589 4751 1153
24 7308 1279 5281 861 324 725 7589 7450 9841 2929 764 9777 3864 790 4402 3486 8759 3720 3733 5609 6760 8611 9875 6022
14 6472 5030 642 4483 446 4151 5056 1044 1216 2379 4672 7053 9178 7522
21 1928 8658 2968 5079 5197 9876 9206 1546 2987 4972 191 6355 791 1076 8983 8171 4193 5178 8619 4931 7756
23 5797 1877 6664 593 7696 1793 5028 6653 4757 5476 3350 5337 3063 1892 4005 7827 5185 3166 389 5788 2392 860 835
18 1484 5691 7621 1607 1694 2005 3600 5338 8714 6028 3268 4599 5867 323 7953 362 2488 1478
25 3020 3185 1070 8389 4367 7539 9599 8276 1362 6997 8706 8723 9782 2249 5461 1841 2743 143 229 3084 4763 7218 4760 8880 4108
23 1915 7977 4447 8752 6872 1878 3273 6792 1426 2562 4391 9443 747 3520 3899 7491 7478 411 351 8626 6892 9690 4417
18 5151 5676 7054 2709 2131 1542 1619 2902 4183 8964 7052 8418 5354 33 3302 269 7611 8000
27 3219 4298 8837 6761 5871 6954 8124 8765 1808 9271 1380 3179 3522 4380 8269 1987 7485 9197 8608 3260 5624 9502 246 7487 1242 7826 9999
13 8180 9580 766 5634 3861 5825 345 3835 1445 3932 5467 3189 7059
16 882 51 1344 9885 2812 5776 1759 4814 8208 6507 236 4284 1795 8053 4766 7390
26 3175 2194 8056 5897 6889 5450 8096 3056 9051 7902 2637 472 9840 1437 8894 3882 7416 1390 7989 7303 1028 4287 652 5834 4812 5423
29 7850 5538 2759 2962 2472 8132 7523 1134 8355 2807 8702 7544 4431 1161 9383 6099 2818 7694 4726 8240 2823 2574 4275 486 1085 9277 522 8685 5531
12 4412 7213 4401 7833 8635 6489 6018 1018 7317 8663 1366 8949
26 879 6968 4416 2136 8716 9145 6673 9338 9373 2624 804 6401 4774 8762 6183 3162 9606 6341 14 8398 7452 3604 3766 7878 8333 3464
27 1185 2725 9058 2925 2716 2302 6535 1280 5269 9257 9942 7127 8386 5447 9772 4983 4700 2529 2262 788 2014 5494 101 4145 1849 9891 7338
24 6108 3280 2798 8999 2870 6417 6731 7954 4288 4668 1510 834 3627 6046 9689 140 1893 5932 8913 1021 8114 3248 79 2070
27 9898 4780 4589 5129 2266 6065 2013 6817 2503 555 8456 8295 1379 6468 3964 4859 749 9719 1173 9465 1354 2726 5264 5398 5432 3274 1285
23 4934 56 8934 8423 1144 2446 6449 3417 4604 6209 4283 401 9921 73 3035 5290 7803 1954 5683 4199 6074 1225 9390
27 4010 7469 289 9048 2946 4860 9873 2490 3015 8144 1334 2251 3715 5207 7540 4542 2822 2349 1490 5272 3143 5773 7946 6052 6335 6573 5960
11 7055 3837 4580 2435 5162 5928 9520 1545 6993 1549 182
27 4928 1739 7268 8579 5242 5410 4174 8515 5750 9294 4616 2096 4434 4743 3868 7859 1582 8861 5121 6411 1788 5146 2976 1481 5644 8100 7705
16 4181 3254 6153 7947 6300 2970 9814 3207 5831 5469 4551 6011 4041 7290 7795 8139
18 3978 5836 7163 5489 5787 6217 1848 6701 2747 9601 7035 2339 3322 7739 1219 3705 9660 8994
24 9692 1552 6477 3641 755 3712 5095 7597 869 1112 6343 4375 4967 2830 5547 6287 4413 2643 5096 7836 9600 3252 1658 148
18 2544 4061 9057 6193 6725 5869 6136 712 5935 1086 1022 4197 2865 6501 9984 5669 2310 8441
22 427 1801 5544 2094 2629 4530 1961 3745 8929 2114 8982 8095 1059 5395 8866 1899 440 6435 4556 307 1825 3633
18 4994 7744 6598 1149 8825 6107 6616 1427 3922 7484 7664 1128 299 9147 2460 4508 7423 5578
16 4610 2353 9013 7404 6302 7437 4261 8238 49 2165 5623 9359 8919 3335 1231 6834
23 410 6895 7959 5697 6606 4161 2734 2301 8152 5048 9986 9486 2888 911 8451 4083 9910 7307 3914 5841 6005 7283 8501
24 6621 7432 1129 1495 5459 746 8371 7676 9340 2564 3106 9540 4392 5926 7251 1868 4303 5580 2689 1303 4350 1398 648 2815
26 2879 9266 308 4269 4563 2098 9434 2456 4753 2491 2827 7427 9154 1940 7885 5141 7888 3703 1467 8836 1665 1600 3863 9067 9676 3388
23 4363 6421 8142 7530 822 9168 9567 6311 899 4103 9861 6748 5617 6111 7600 5044 5521 8369 1991 1367 9326 1482 1114
21 258 9642 4463 8341 6482 431 4510 3762 4808 7983 5316 7079 8657 3702 9301 4516 1213 5749 9787 7044 9648
27 2886 1645 5322 3677 1812 3002 9703 2877 810 1356 792 8867 5688 7669 296 1636 7395 4995 8507 9555 4791 9771 8891 3250 944 7049 3492
