29 8424 5383 4951 3694 1558 2394 7910 9795 2403 3481 3364 2120 8231 3807 7692 2872 7626 2806 6195 279 3933 142 2553 9953 7807 5471 7965 7555 2107
29 7653 9038 1285 5115 9454 4587 930 8718 252 5100 7503 7267 8956 777 3063 5652 1918 6326 8016 9521 4245 29 1031 7342 7970 3207 2985 4418 7264
29 6042 1942 1531 2599 7575 706 6519 6994 2477 3648 7036 4290 228 6471 8341 4902 1673 1033 6527 4846 1755 7263 2824 3848 1958 2848 5216 6647 7414
29 8786 9443 910 1410 1554 8575 2710 1368 2525 110 995 9952 7237 4603 2424 1783 2312 7585 705 1940 1432 542 5140 5337 5459 6798 8298 6546 6091
29 577 6543 4765 5247 4622 238 1547 7296 4575 2071 3791 1402 8337 8384 5716 4883 6802 8480 6967 1901 6401 5735 459 714 3940 5734 7772 9882 3227
29 3922 9157 8492 3698 779 2701 5348 7393 3341 3320 4201 9993 2408 1744 57 7126 3567 3596 3031 7366 4198 2934 5776 8542 6920 5491 1473 8887 4087
29 1999 2698 3701 1976 8234 4739 1412 3203 4017 9442 8760 9704 1244 7682 2981 6166 193 3184 2164 4513 7945 1155 3257 4366 486 575 7926 6942 7527
29 3709 4922 8710 429 7579 9590 6551 3556 9781 8123 2373 3515 403 7809 3889 5646 8614 9653 370 8098 867 1274 2545 2964 2938 6988 8187 2007 592
29 1813 3076 1805 2459 2253 605 8865 2337 8441 1971 4140 1908 3435 5073 4128 2125 6861 595 9867 8795 9639 9210 8632 1538 5813 4895 4940 7996 5885
29 3766 8545 2954 8778 1053 1217 2391 2744 4545 6795 360 6224 3121 7509 7058 6134 5394 4836 4742 3566 7548 770 1318 8788 4271 1385 1184 6179 1445
29 3831 4349 416 7244 3620 2166 2375 8488 9853 4158 6138 5480 9300 7792 2845 6380 2695 3253 1624 5602 6067 5715 6560 6076 7508 8893 4268 3870 9604
29 9180 7297 8870 9930 1080 5797 5022 174 1725 4785 2028 1182 6367 3010 7586 7172 3837 5419 2723 7095 6107 6370 1297 4222 5275 8195 2670 8816 6422
29 2586 1130 8399 5112 4715 6520 6710 8577 4758 8912 3330 872 1934 9845 8329 9283 1613 8321 3244 9614 6641 9369 3154 7505 1981 6311 1638 4063 9895
29 4119 9740 1842 8625 2578 785 236 9892 5406 597 9771 5550 5497 4180 3801 7013 6714 5628 8563 2827 4007 5250 5381 1716 2311 4735 8784 8479 6627
29 4523 5130 3972 2012 4710 4192 6411 9753 2917 3388 8499 9332 5890 7321 7035 214 5590 5003 9779 46 2880 5814 8852 6260 9805 617 2814 6806 2423
29 1579 3704 9441 7982 2239 5726 9229 8620 841 7024 6609 4720 4376 3390 3175 8990 8972 7808 1684 5923 6514 3526 7073 1995 7544 6673 3218 5681 647
29 3491 8961 3656 1590 9123 3275 3091 2334 6559 2722 9842 7531 5428 1467 914 6611 3814 4648 424 742 5321 2377 880 6499 7411 7731 1327 3188 1199
29 3216 1573 8227 3044 6790 3292 9504 996 4044 1883 5906 9780 7990 7025 1094 3657 3574 5399 1286 5047 8064 8719 9433 7595 6356 7804 9829 2528 4361
29 9601 1595 4994 8875 3150 2236 8933 5784 4025 619 7037 1460 1933 603 7146 6998 1050 762 9922 2898 6297 9331 4362 5342 6818 5256 4422 7718 6575
29 3873 2847 8170 3099 5910 9777 5683 2136 3544 6276 1104 8222 9216 198 6741 9424 4033 398 1471 8 1463 6852 5180 2065 2731 2737 1678 5227 2451
29 8544 2765 5209 598 9621 4628 8924 975 7163 6515 7257 3553 8591 9160 5072 4488 9297 6946 3822 9512 7819 3087 8622 5009 717 6068 3008 5410 9600
29 8858 8653 281 3781 9076 9258 1131 9395 1064 3069 7305 4028 4147 3317 6414 4424 9209 5464 7208 7634 6165 3294 3947 6293 9208 3451 7174 6865 3399
29 8078 3104 8934 5669 7543 4677 2920 6446 4341 1083 8628 4591 5830 7242 8338 1598 7155 8155 7961 4806 3564 6158 6579 2427 77 1967 6320 4605 6207
29 306 3452 6265 5127 5333 9708 8006 80 2983 7835 1986 8159 4547 6878 557 4280 4693 1224 4842 7550 945 723 6241 2250 8637 3057 8771 1791 8311
29 3155 280 5528 7698 7986 8663 6622 0 4348 9737 2097 2122 2520 7288 4779 7556 8497 9551 1955 9532 1157 423 6583 1337 8002 8682 5789 4771 1289
29 8044 3209 8740 9891 9095 3411 4307 5303 8005 3340 8391 5963 6213 6129 5972 4373 9387 5422 8537 348 3189 206 876 8363 7521 8731 5591 2134 5107
29 7277 4662 5934 7219 1608 7667 6727 9943 2064 5763 4833 9862 8665 2404 8901 3137 3799 9426 8984 3788 7 4537 5873 1685 6784 1486 4512 5562 6491
29 4182 5326 6461 8003 2141 6767 1203 4487 8322 9178 8617 1867 1698 6063 9060 982 3576 354 7684 1075 3787 2438 6858 9978 6709 3197 9152 3529 3082
29 7782 5837 3937 5377 8053 4408 704 9898 4190 2061 5597 4383 6882 6908 4633 2527 9040 5631 524 6949 1357 8508 5155 37 8110 396 4353 1690 7649
29 1408 4671 4757 5997 3954 3610 5201 6309 9491 4527 8917 7355 9222 5782 6228 9616 7514 9981 1903 3485 9519 622 8772 2405 251 4274 8290 3444 9346
29 3440 4501 554 874 4386 4718 4730 2908 530 5976 1643 822 7056 8094 337 9668 9734 6494 3007 3445 1775 1208 2865 754 20 4947 3468 1367 5255
29 586 90 6200 1862 1421 9322 2258 3858 2142 576 718 6927 6763 2743 2704 5775 6384 4738 6958 7241 4216 1162 2729 7601 7770 5787 371 3080 6148
29 4115 3720 5195 9459 1250 3122 3783 3625 9084 290 7816 6354 116 6182 5220 8908 6204 6649 1190 9644 2628 6290 2905 1375 4615 5650 3279 1315 1766
29 5835 4494 1768 8120 6445 4636 8754 9183 5878 2538 6989 4101 9906 7884 3941 8732 6146 5331 9726 246 9926 1859 8716 5158 652 378 2467 4419 3232
29 7674 1492 256 3005 2767 8250 2840 2774 5312 3176 6357 3407 4379 6721 4551 7757 3927 3193 3852 6193 6700 3864 783 6141 4688 677 7997 5204 4329
29 3592 2607 8678 3324 7867 7980 4323 6286 5862 9270 7336 7423 7877 4294 4598 6362 4838 7217 8107 6064 9319 8738 5765 9291 5261 7856 1027 9607 960
29 1826 8896 7031 6493 9382 443 1300 5506 3037 5568 5601 4988 8855 2675 305 5519 6376 985 7433 3751 3843 885 9101 7052 2203 5526 5489 4111 6479
29 701 474 8434 9304 780 4286 7719 5587 7111 4736 8131 9502 2495 6684 9923 5971 9560 226 8304 1116 2035 8998 8763 3948 3649 6008 6371 9643 63
29 9351 6557 3772 6003 9120 5949 7361 2531 9990 3254 8668 2808 2685 7532 7557 5956 8370 3884 9480 829 3093 8359 7987 7074 7705 8776 9388 6133 7326
29 327 773 9200 2876 3331 2137 2346 3281 793 9153 5904 7068 9651 6298 8140 4139 2798 3293 7003 7956 1945 1107 7252 9342 2478 8750 6094 5470 2507
29 6570 1143 2554 5129 2430 7144 8176 3871 5084 230 7473 3273 1085 3778 1856 9876 7750 1781 1246 347 6605 3538 9657 4721 8708 4841 9444 5007 7010
29 2038 7179 9635 7384 434 9719 2154 7751 3100 2947 8258 8505 3147 8185 6873 7069 1047 5899 759 5179 2932 8521 821 8770 2844 3583 8353 9431 4901
29 681 5535 1712 2228 4050 7436 132 7379 4880 5355 8894 2040 2720 5840 3983 1439 7546 1645 7943 6270 1008 9649 1086 2197 3938 7968 1672 8683 6172
29 3249 2766 5475 4650 906 7180 473 6902 9044 4864 4898 54 2262 6114 965 5695 514 884 4924 9807 6458 4755 9514 8112 8146 4762 8640 8265 9577
29 9106 1030 8971 477 432 6123 5912 250 7660 8238 21 9247 9179 6137 8378 8095 4623 613 1743 6247 1234 8229 8633 6769 2211 796 788 8631 3767
29 8141 7566 7397 3903 9384 2126 899 4472 4145 8289 2513 5309 8604 6174 2615 318 3650 4704 500 9897 6608 3200 9063 7717 8695 2385 5736 8932 722
29 5832 1387 7115 5153 9612 158 8634 1440 9457 3784 9067 7935 6948 3812 8761 4477 9276 3602 3737 7826 4203 6477 3994 4705 2862 7741 9971 7315 4131
29 5588 3210 9591 3987 6102 8766 9909 6752 5105 5071 5793 8191 5441 6829 3894 2324 8534 4596 599 9432 5165 3726 1447 1930 79 5285 7470 2296 694
29 6507 9688 2330 2 2135 5102 971 5742 5911 5523 1516 4021 3356 2811 4226 9196 4232 6724 1565 342 8600 5449 7498 5408 6828 65 120 7165 2103
29 3016 94 4568 40 2479 3757 6779 7915 22 465 6263 384 9628 3251 1145 367 1828 4321 9017 9237 5626 8382 2987 5521 3859 7223 6633 6898 3595
29 9392 7855 528 3560 1597 2339 4858 5010 1777 7580 7761 2986 3834 3893 7130 2508 7898 1789 7133 8525 3749 242 6501 2115 8803 4981 8744 4097 7234
29 7138 862 4122 2858 7742 9629 5682 9622 1354 2689 9375 3507 4658 9464 7276 1054 8996 6050 4475 9005 9663 1455 898 8685 4666 4384 9731 6732 2436
29 719 4980 330 7894 7295 4933 4948 5850 2289 4483 2078 8296 4612 4423 1963 9681 5642 2447 490 763 1984 4968 1183 3752 5936 990 9580 8715 7207
29 8598 7047 1339 1148 291 3347 9494 4358 8812 4500 4822 6651 7007 3321 2546 2015 5531 9624 9345 1164 2816 366 1328 7972 9112 3607 6404 2952 7796
29 9581 8669 457 8118 60 7249 7327 5759 9415 8483 1233 8562 5290 8020 838 3344 2224 302 8271 8703 5623 757 8104 2376 1305 9064 6435 1212 519
29 820 7205 3534 6871 1024 5313 147 7896 383 2176 2931 1723 6085 2235 5800 4258 3639 4103 646 6571 7599 3358 2784 5665 4381 3906 2371 4635 6090
29 2849 6982 4170 1860 7109 8884 3667 4377 8848 8211 4856 6648 3314 1091 5581 2060 3418 9776 8367 9516 401 8102 3577 9523 4138 4695 1323 2267 6906
29 4611 3832 8927 3149 1197 9096 8957 7866 5748 7671 878 1799 3134 3730 6772 7615 8087 5252 7225 8208 8301 7827 9364 8802 8241 9828 5845 1954 7456
29 3187 688 5334 5675 9836 1264 8417 760 5887 4641 8224 6590 7429 1929 8601 361 6977 8034 8156 97 2366 3725 2284 88 5985 5548 5621 8307 2894
29 5482 7545 2442 4239 2860 4175 4093 1904 2161 1519 7484 353 2276 9792 1771 1535 6492 3085 3222 3976 1343 3053 5558 4681 5795 8880 5698 7655 7690
29 3353 3827 1956 6155 4400 5705 8381 8328 1253 8588 4124 1754 1695 8509 2666 1416 1886 4493 9162 6555 1569 9402 2374 3081 4936 9045 2380 9838 2980
29 4967 816 9695 3679 1059 8697 6566 9439 2680 4110 4684 7939 5689 7860 4199 2741 9409 2379 2420 1379 8570 2210 8388 948 8247 8658 3970 5991 6614
29 3636 1824 4259 2715 1124 7723 5368 6359 420 5704 5781 7824 5828 8446 947 6220 1977 5810 307 3550 3597 5172 4296 149 5527 9030 8978 2956 6588
29 6781 5801 2890 7922 7650 6876 2018 3040 6562 925 3794 7334 907 4546 3441 6048 183 2975 7510 4670 201 5995 50 4510 1947 3457 953 9873 3116
29 9191 2198 552 7458 8613 3716 393 3486 8389 974 5314 3392 8536 5367 7114 1457 4656 8702 4498 1970 6095 1843 2160 374 2498 3311 9094 2804 6051
29 295 7006 3258 6655 4926 4005 7087 4566 8914 6630 8602 1045 8721 5848 866 5356 4750 303 2988 5335 7749 317 351 2360 5391 5586 2895 283 9138
29 2600 3288 3681 4937 4455 6912 2439 5157 1730 5293 8358 4127 1935 7712 844 4230 7836 1611 6695 9801 4939 7092 4409 7583 4984 6637 6722 2936 4644
29 7320 377 9584 7648 7442 5945 489 1998 1836 5843 6531 1825 4667 430 6591 5095 5627 4645 5980 4301 7814 5339 5085 6040 7923 4619 7764 3285 5517
29 4891 2517 5973 5881 9129 919 2429 4621 8036 431 3608 1002 4428 4601 4448 4421 6078 324 8291 7398 2958 7250 3578 1374 4411 8830 7371 8180 973
29 3660 4260 2874 6258 5263 1659 1674 3103 3780 2919 59 9983 5852 7740 1135 8223 3499 7273 8233 9944 1696 3691 9193 2953 517 2828 3474 655 2388
29 1111 1752 5324 4802 8261 2401 792 1784 5439 5700 2068 4882 7370 1483 5230 9430 7673 6400 2625 4649 7786 7140 699 1978 6745 9244 2031 6061 5453
29 6096 9764 7015 9699 5826 8549 6500 2745 1882 7745 7409 1395 6378 9414 3446 3853 2593 2181 6792 3394 6019 9744 4036 9221 3909 5032 9573 6598 4964
29 9141 9445 9257 9755 4560 1795 8257 7441 3882 4432 1668 7771 3839 6665 3942 6837 3047 4118 7027 8161 5620 6116 9167 3706 8994 5430 578 8470 5193
29 6975 1415 5889 3921 6284 215 2468 6057 8154 3865 1256 8284 8939 909 9256 3437 775 8847 8827 8403 4253 7145 2566 4741 7604 6377 2807 9860 969
29 4114 9360 5492 5815 1325 9625 5166 2242 926 4055 7472 7108 1320 4583 5606 7184 999 7353 5733 1101 6034 3689 7501 7602 7281 2088 5374 4037 8694
29 5254 5325 5984 9732 9817 9937 682 3619 5253 6567 3742 9029 1371 5306 1458 3674 5643 9717 6853 1733 827 3307 5316 4108 1800 4346 6496 7153 2254
29 2584 5147 188 1036 7985 1575 1639 8897 1802 1427 1749 6183 8691 4749 9763 9232 8599 5154 4572 2490 2831 5141 11 3841 7121 8895 5970 6587 3708
29 2223 9446 9336 9797 7151 6421 8178 1898 9619 3086 1837 3058 7443 6143 1494 2185 4970 3231 5655 1850 2081 4024 4485 9022 2691 7156 1607 5284 9784
29 9145 8607 9104 7335 4529 6211 6816 2771 6793 2989 9921 6862 7941 3981 5379 7053 6170 1 7285 3732 1476 1362 4176 4255 4877 2501 2059 362 2518
29 2870 8246 9037 6928 8273 3266 4076 1322 4117 6277 7875 9654 1920 6735 2204 8578 4240 5884 1366 5034 6372 160 2856 814 6916 1820 1727 503 4347
29 5371 9246 328 7636 2048 6348 7870 4116 9240 7703 6069 7400 9249 6601 7702 66 379 8425 3261 3337 5866 2356 1497 4993 8845 3173 8574 6663 5921
29 8172 625 6245 479 5612 4165 9329 939 6312 4900 8330 5327 8448 7118 2683 5299 6106 9262 1656 5061 5807 3980 6771 1877 5386 1263 8270 8167 7417
29 6056 7382 7448 144 2965 9761 3443 5218 8518 5900 7942 6191 3127 2724 8109 95 2130 9587 3162 8869 7971 8275 4613 7523 7730 205 5432 9724 5723
29 3448 6257 182 4458 3417 4248 9540 9571 5760 3532 9835 9793 5834 1870 2800 9666 9323 2047 4056 1084 9341 7657 6489 1686 7616 5276 7966 1738 1648
29 7851 2191 9913 6402 1152 4250 4183 93 74 8974 1189 3548 1405 3449 2114 6540 4125 4780 5060 2580 1090 6391 9503 983 6833 9347 4643 224 6014
29 6430 9561 1040 6970 1505 2768 4302 662 7317 1532 4489 3146 5352 6701 3609 8355 2462 6315 923 3690 8021 3561 9569 809 8197 3274 4674 341 2084
29 6340 1568 4754 3618 1049 3283 5052 9406 6547 9308 4062 3191 5282 8371 1853 6462 8242 4557 5043 3916 8735 3593 3699 7306 1626 940 8037 126 7364
29 9822 9440 7569 4099 8699 1515 8500 1917 5176 3683 391 1329 8455 2014 9902 8942 1511 5825 1625 3466 1026 9479 9623 5101 4196 3601 1916 9109 582
29 8232 4634 8125 6168 3295 5868 343 3854 9324 1007 3262 8047 9372 412 831 7033 2108 756 9266 3666 8212 7182 9945 2177 9576 5215 2400 3334 6787
29 6885 3860 1196 6250 3811 2036 8368 8572 3905 4306 3336 7387 9466 2354 8675 6439 9011 650 6083 1400 5858 8136 9539 4850 8736 3355 6776 2016 9212
29 7849 2996 9460 5237 7976 5436 7406 5424 6436 7038 8055 7811 1436 3464 6375 6365 6924 9046 8259 549 5283 6109 5217 6053 2422 3663 3589 7533 4171
29 2717 7642 687 5472 6275 5416 1229 9485 2470 5277 5035 6252 6510 1261 5152 2225 633 1195 3615 9946 2073 7469 4624 3352 566 5685 8585 2810 9307
29 3425 7613 9942 3385 4777 304 2295 6522 4385 1032 332 9908 1034 9135 7948 9673 2708 5614 6678 6035 7535 9086 6355 2751 2264 9613 8374 3913 8636
29 4904 6791 9366 8566 6910 1715 5706 6686 8793 1304 3362 1557 9007 189 522 169 8999 4054 7141 4441 6934 7862 9602 2991 5864 9023 6271 2561 1154
29 3183 7794 6879 7331 1398 9907 1093 2748 9186 2132 1683 2050 7838 4382 5075 7853 8975 5493 9626 6589 9102 1381 8922 5017 2248 31 6442 5851 2338
29 3190 4574 8177 4769 6374 1985 1055 5170 4083 9885 2509 4440 5766 7001 9959 5943 8276 834 100 967 6131 4849 6986 6317 8343 6667 6821 2879 4331
29 7643 4581 6729 6864 5207 8701 1373 7054 4589 3785 5547 4687 8659 8639 3220 9421 3409 3960 9929 8817 7627 1699 6917 3559 6717 9894 6883 7270 9478
29 187 5673 4543 8503 6973 7485 6731 134 3429 1132 1694 3298 322 4919 1308 8926 8764 6962 8643 438 5745 6855 6281 6887 181 47 7852 8879 7502
29 9053 1599 5771 2933 3844 2358 8281 4394 8000 5425 4204 5279 2699 6941 664 8597 4129 5573 5841 19 3736 8430 614 5232 1279 7677 5712 7568 2288
29 9058 7229 2241 1139 676 684 2106 3528 9059 4577 8652 7863 5281 710 2617 8780 7159 1156 4787 807 4211 5328 5019 857 4459 3779 9358 265 9741
29 2995 2381 4766 4870 8540 3680 3242 1151 8645 8476 5603 9089 2389 9081 5504 5577 4538 7365 6120 148 9234 1514 3712 2778 9962 2572 7861 1551 8385
29 8980 482 3911 6463 2145 8910 3847 1245 7316 6296 9562 2474 4906 5600 3054 1664 1272 2663 8495 4987 2361 269 9536 6335 8749 6573 3645 3159 4576
29 6130 9194 5846 7752 4034 5066 1282 9745 8235 8728 168 4564 8507 1056 2893 5373 407 6877 3880 6604 2787 9682 4848 1479 3015 5593 7631 4767 6202
29 389 1204 2785 5537 9702 979 5796 8532 177 4031 833 7706 3174 7549 1905 4414 1616 9553 6336 5444 8612 4563 9608 6631 9759 4580 6513 1946 5738
29 7678 2156 1365 5134 3524 721 2057 5596 4874 2892 4040 1889 4696 3771 9800 3525 2889 3068 7635 2192 2543 1041 8789 9686 6577 4437 3719 9782 4916
29 5455 957 3833 6231 1422 309 4278 7347 8349 4289 594 7000 7560 5817 1838 7271 9264 1346 6058 774 4225 9313 9061 2383 9353 7478 2291 1665 8618
29 3516 4107 548 6475 3410 4018 5693 1340 3465 358 6185 3606 1319 8426 3646 2300 8200 5688 6759 7070 7226 1072 9036 9572 6222 172 4058 9995 4300
29 7318 1833 551 8586 3612 9980 6049 6395 1306 9733 5530 4168 9187 6192 4371 3389 9119 716 4860 4405 9578 8748 8451 1108 262 9535 2444 9410 3818
29 691 804 6610 747 9073 5020 2058 2762 9848 6584 9690 9979 5137 7150 8650 6321 2226 7881 7064 6469 3969 8101 6465 6 3930 6358 5928 4685 1921
29 2150 4759 9820 9685 3396 8439 2359 3151 8460 7105 5514 6707 5803 6486 1452 3211 9630 583 2453 5920 7255 7017 4449 1878 4337 8077 5375 2386 7492
29 3883 3756 5941 4214 5171 5896 970 4969 4724 111 7614 7672 334 2589 1507 3896 112 1341 9706 1043 2733 9206 3977 3438 9633 6012 8070 3857 6065
29 7080 750 3128 3519 9416 678 5499 7872 1485 9339 7847 2426 2923 7388 382 234 4700 1632 9928 5616 3935 8209 4426 8192 2533 3760 4257 3829 7368
29 2863 929 3693 2512 4607 1016 8594 541 4465 6523 5238 4401 529 1147 7344 669 494 3891 3473 179 7571 2102 9789 7228 7711 8165 7801 3422 4188
29 8725 2648 7395 5942 7890 4227 4096 6112 5053 4446 3078 6672 3416 133 1146 4148 8498 7129 4389 4886 2277 7451 1628 6569 634 4532 8941 2901 3952
29 9738 5233 2332 1983 9806 7992 1138 4350 1127 5502 7815 7345 2044 4511 4943 5443 2821 1654 7628 7710 1284 2764 8127 4150 4571 5398 8743 6142 85
29 9832 3240 1437 487 4966 2746 4694 9272 141 1370 5366 4019 564 1102 3028 2372 1057 8336 1265 9401 3809 4859 7658 2896 5173 3734 5372 8819 5666
29 4467 2091 8543 8919 3953 375 9242 3326 8377 9870 5322 2052 8899 6951 1170 8362 9507 8333 5246 1884 7170 7311 6548 2294 892 9778 8928 6952 9418
29 9861 8502 6600 9522 3582 8584 6618 8454 5274 4264 5297 3055 2705 6187 1249 5270 1469 6628 2754 6140 1332 8557 6774 5728 6366 7090 1540 1653 6216
29 5604 8184 3361 4803 4415 3412 35 1342 3192 8723 2055 8943 8616 8390 2560 6448 1173 9471 3728 9294 7446 8357 5649 5091 6408 2105 9383 4235 3810
29 9151 2830 9868 1205 5298 593 5901 1222 3430 1193 1011 8008 2780 6024 5135 998 14 887 3754 8496 5979 8923 6926 8084 6201 453 3161 946 1635
29 5959 5703 314 6699 6748 5860 740 3644 2194 1219 1852 7195 8145 2463 1885 1866 6726 8133 4202 847 1065 5576 7055 9881 8219 3041 7837 4965 3143
29 2758 4830 3878 288 7323 629 7022 8679 4185 789 9420 8859 5395 7620 6006 9252 4955 3109 7023 6314 7547 3862 8853 6782 4798 8244 3030 518 4659
29 1566 5955 8386 2482 9735 294 3703 679 243 4388 9056 3194 1919 3695 1892 6743 8221 471 6417 1748 748 1617 3627 4733 3239 8061 5960 3059 7577
29 5876 9814 1734 1818 3518 3036 8711 9235 4953 3675 1290 84 2148 345 6208 2251 5648 414 1702 9693 944 3523 9680 2454 3943 6052 4548 6038 531
29 1134 1377 5952 2205 9175 1961 1677 6244 8517 6572 6800 9412 2076 8345 4829 9290 418 9596 3371 463 6468 3750 9108 113 1449 3796 2143 7399 2149
29 1711 3198 5756 7929 2506 1239 1095 5138 5739 5235 5222 9127 3975 8775 4723 2237 903 1351 2118 2650 658 7954 5785 5686 1518 6041 5774 9296 470
29 6812 7132 7235 61 1964 1562 9537 883 7592 204 2909 1168 8844 9233 9002 7018 5790 4043 7879 1582 6568 6825 4210 6478 8533 6495 1255 845 6632
29 156 8299 5245 1037 3762 7177 7016 3997 8251 1610 392 1215 4100 3923 568 623 2714 5205 355 7582 7211 8881 2162 7354 2976 1634 3349 7178 9932
29 8019 5645 7793 276 7084 1462 7572 402 6470 1555 8511 9857 5661 3368 1968 5214 2466 1906 2246 6691 4508 5145 4209 1874 3661 2329 3467 9015 7162
29 1179 8546 8654 7638 9669 4084 7149 7117 794 4263 3637 4223 7596 3629 5132 9588 3641 2411 6939 6685 28 765 1586 5016 105 882 5317 2634 7887
29 1434 5030 4060 5031 1745 4391 4903 4015 927 3304 7610 9689 1003 4081 157 713 9047 8158 8429 4991 1159 4772 3655 5599 7477 1629 3404 2668 8799
29 6198 6021 4390 7120 6407 2144 8293 9315 1821 2788 9919 3670 5768 1952 4417 984 7499 3359 1710 6875 4233 4816 3022 4039 44 9320 2273 2809 5211
29 2440 5160 9166 2263 9636 8765 4942 5446 743 6675 5059 4519 8821 6388 539 1052 6223 8757 7428 4686 4982 6108 8905 464 344 12 9869 7978 4678
29 6613 6227 7787 4318 422 5086 2138 9184 7748 2415 373 1166 8611 6811 9334 3684 635 1763 2684 6020 8704 2471 2117 3424 1287 8987 4461 6390 5823
29 3039 3075 2793 2693 6620 3536 5522 8737 2310 2960 413 1548 527 3011 1401 6904 5485 8414 2026 1201 2641 1663 963 3426 1181 2834 8236 1268 4275
29 6440 9054 8523 3260 5566 5251 9831 8365 3745 6740 5749 6287 9218 2686 3061 7171 1391 3113 7563 6788 9271 7736 7600 4783 7154 2706 7729 9918 697
29 5266 5524 3765 6416 4219 4009 9825 185 36 9499 5429 7082 223 1701 4918 917 4027 4310 3056 9195 5893 7391 4403 6103 9582 5747 6161 764 7917
29 1666 9696 3119 108 2350 4573 7408 365 6764 8486 4262 5329 3721 3705 9381 9595 6991 3552 4868 761 8340 988 4463 4908 4020 2448 9438 5930 9700
29 3042 2563 5149 6635 3268 6005 4627 6866 3195 219 3835 7275 8861 8826 2171 3495 7700 4094 2700 9846 7874 4744 5932 4907 2214 2776 637 5418 6576
29 5679 3581 5503 2916 5855 571 6304 1770 6218 5838 2799 9575 1960 8278 5027 9729 3512 299 1523 6682 562 2159 9374 7734 4297 5950 1270 9544 9958
29 9475 8085 5583 1407 2293 7147 9302 7878 8076 1310 8794 5420 9116 2790 6836 1068 5076 1013 7040 3372 6373 6805 8326 2732 2269 6972 1891 8268 6405
29 2368 8579 2335 6935 5109 8277 5058 6036 6854 5975 8325 521 3310 9769 3944 5540 8529 7829 8626 2665 7940 9715 5792 5571 3157 127 2789 7422 3748
29 8854 2163 726 8356 7707 5724 3731 7777 7392 7390 1431 2651 140 1544 1914 1894 2658 255 8921 7041 3140 7454 7465 8510 8810 6159 3074 7608 419
29 45 6330 4794 3643 1175 2049 5224 771 4205 4370 6697 3035 9750 3136 7739 4177 1383 8196 8186 5103 1334 4445 6694 3713 4646 497 2915 9847 8670
29 7245 3265 1348 26 2614 1260 3537 7598 7927 1120 1096 8808 2539 2004 2759 7102 2631 461 6443 6777 1356 2621 7224 7520 7094 7166 9767 3530 2497
29 6428 9960 9117 3312 7279 2201 7637 7028 5302 5821 2230 560 8801 9458 4862 7044 4737 5287 3378 9911 2861 7113 8962 2285 7332 240 8317 7854 1363
29 5634 6956 4797 3316 1863 2352 3346 9477 3821 2843 1423 4657 1618 3543 32 7238 5594 5001 1720 4439 3296 3223 1912 2072 9713 7930 3024 2530 2994
29 4172 8404 4057 5545 7161 4156 5478 3297 2679 9658 2802 4533 8558 8482 8807 9344 1567 3571 801 9239 9105 7266 7445 441 8554 9041 8986 869 1911
29 8103 2146 1468 6482 8083 8714 5744 7110 1657 5183 3105 7753 5347 6010 1774 2006 2951 2327 8571 4853 8930 9840 2529 1546 3588 427 4890 6830 819
29 8033 9594 553 3333 6150 7845 4788 6437 1707 8182 1360 1564 3131 9068 178 3920 2219 3004 1216 9429 6937 7274 1372 8648 3214 5559 9615 3472 7688
29 2772 3384 7984 5462 4151 9115 8726 6128 1411 4588 3313 7039 4456 8332 5720 9716 1927 7591 2702 5605 4333 5364 9377 1277 1812 4026 3101 8360 6246
29 2922 1660 4338 736 8950 1631 81 7513 2728 9220 9363 5533 3290 1321 7112 9877 6521 6466 2029 5431 3397 469 1506 25 8043 1428 8105 5877 6804
29 5454 8372 4166 5185 8906 8615 6452 1160 6919 565 5397 4047 2124 683 4813 7075 2753 3376 6476 5078 2688 1979 3023 1869 6325 2942 2123 1503 9770
29 2234 1817 6214 1909 8872 7383 1076 572 8249 5074 5508 3431 6585 799 628 7924 449 8461 3329 6199 4206 5663 4121 8818 651 6305 7008 2957 2681
29 2446 724 4701 928 3306 3671 163 9456 8649 8904 9973 4374 7830 3303 8279 3692 1840 5755 5038 2974 8048 4013 5011 7440 4367 2523 3931 4339 6441
29 3060 8698 5595 4091 273 3380 813 7467 9725 2624 8013 3825 3020 9043 643 6846 1571 7999 1338 8800 6349 5902 296 3163 8567 6901 951 4708 9914
29 6599 1938 3533 7581 7798 7603 3881 7359 190 2001 1849 7906 5018 7308 6757 9355 3939 6963 1652 6394 3097 7913 5319 4038 2095 3406 5859 825 3517
29 2734 2414 7096 9787 1560 8693 4495 3335 5315 4931 4292 8878 6456 6809 6399 700 4378 4946 7079 1087 154 9048 8427 7287 2885 4840 3072 6810 6511
29 7759 3562 5608 9251 2756 5082 7488 964 9986 987 5055 7802 2825 9287 1482 3888 5924 6512 2319 3245 6803 8280 8485 2434 6943 891 368 9330 5987
29 6261 8039 6796 502 8327 1907 5671 3079 5512 2175 8877 9087 9072 3584 922 1070 8288 6905 905 2208 5271 118 7895 2884 6761 8376 1801 9555 9154
29 2098 3877 5041 563 3373 6718 2053 7944 6971 1679 4163 38 1742 986 9207 3463 3073 4482 5415 5458 2172 5363 9631 1583 8522 860 7319 8443 7652
29 333 4469 4632 1014 6382 7482 610 7988 6978 468 3144 3603 4823 8115 8883 2077 4814 2407 4261 5853 5871 6047 2199 1997 2398 480 145 6264 2367
29 7590 3968 534 9646 4046 1025 7086 9565 2541 9436 1074 4844 8106 2977 5820 6624 6851 5567 1741 3252 5494 8173 5190 9181 2626 9099 5507 6969 5208
29 493 7313 5532 5156 6983 4697 62 2591 2322 3678 1218 1493 6098 5219 213 9712 3129 2425 248 591 8452 6536 2655 1718 1815 5937 4998 6561 4915
29 5260 1788 8657 8797 3259 6444 3722 308 1149 7629 9548 3286 3454 5854 989 5114 1536 8843 4812 1252 9137 5089 5358 4326 2393 4811 937 8216 2659
29 6933 1187 6578 5794 7699 873 1042 184 7981 7597 5856 4443 4212 5691 7919 6100 8982 4406 7476 5139 488 8676 1966 8576 7517 439 3958 3918 7722
29 2635 8561 3503 5345 8282 837 9856 3348 3427 6160 790 4435 9809 259 5994 4332 1876 4893 1845 7083 3768 7034 8252 3135 9865 1705 3697 7806 8009
29 1785 8644 8432 3339 9079 1123 5126 8968 3984 1081 3813 7122 292 3685 9008 5842 6323 2200 3276 5778 3965 8071 9652 3084 2257 2779 6755 6680 75
29 1959 2711 3991 665 8833 6278 7185 5353 8292 5822 7190 4153 8824 5874 6716 264 9214 505 6526 2598 5421 139 543 7376 1682 806 451 4254 2480
29 9670 4049 9992 5965 2640 2147 8991 9585 2247 4413 4726 2760 4892 8686 8915 270 2206 8310 5123 8138 9656 8354 7902 6619 2104 2712 4793 1001 8909
29 2139 7760 9791 6623 3126 7769 4553 4282 9393 409 3850 4818 9497 428 580 6072 2387 7994 8491 6957 4668 5544 7933 6659 7125 6203 287 6650 5065
29 2854 4801 7574 4067 4 4629 232 513 9675 8700 3166 868 1214 4425 4288 6147 1736 8720 5617 9783 4208 8863 6848 7714 8306 4682 3138 9841 7021
29 2603 8453 1247 3640 2195 6504 7842 6099 7240 7045 8122 7466 4002 9434 6544 4167 6607 2309 8171 8674 4491 9684 1331 9620 3614 5231 7938 2215 4539
29 8450 7256 7946 7394 817 4655 7203 8111 901 3215 5659 3315 2355 600 3828 604 6111 803 9509 9337 8473 4558 1129 8811 6832 7107 5844 4707 3634
29 7833 7901 8366 1192 5116 9752 784 4828 1525 4174 4679 2891 4952 3094 4011 8882 6653 9077 7578 4786 3357 3338 298 2302 1378 1943 1550 5551 6835
29 4506 5370 1424 9227 3735 4784 5867 2637 9495 2318 4579 9012 7785 3926 9217 278 5026 8217 4143 4879 4731 315 7659 1061 2721 8218 5618 2249 4184
29 835 8267 1060 7979 5668 6681 6027 956 1167 4229 2835 4990 1747 7701 7258 3963 9098 7438 5498 9901 3178 8467 2588 3478 7119 41 1079 5042 8392
29 9997 1764 1364 5914 9956 6556 8526 3090 8828 9531 5068 6318 1172 7300 3034 9609 1606 3805 6739 1426 6984 2240 3521 2109 4961 3959 1295 3540 6301
29 2820 9328 9417 8431 9884 7790 4309 3669 8581 550 525 2062 123 3879 7298 8550 3213 4164 842 4499 7716 7293 5088 1017 9025 2308 3664 6974 411
29 3117 9890 6931 3302 3763 5448 1994 4137 6874 5343 6188 9110 6310 249 1553 5477 4614 1495 840 3255 1561 3032 9849 7048 235 1881 3083 8768 7820
29 7136 3611 8983 9236 2573 6677 5610 5433 8506 3887 5474 9839 2397 954 5962 6706 131 1403 7848 6736 7821 9114 5243 732 1209 4517 9505 3403 1637
29 5831 7735 1896 4068 2755 9263 6985 745 8256 9231 3229 5501 8892 5451 2730 2869 7758 5806 1910 3549 3964 3206 7687 7128 859 2703 340 9403 3386
29 2921 9858 5967 8400 6459 2555 2569 9394 2613 1602 2243 1000 7554 3622 1498 4365 7888 1858 3088 3714 3017 3413 9205 7220 121 6153 7817 4963 7272
29 2822 5262 6720 7042 9966 6869 9147 7526 2489 3167 4647 881 6849 8938 3003 30 4328 4244 3408 1803 4285 3230 4912 2694 3946 5870 3758 7654 900
29 5954 6891 3856 7309 5534 6922 555 5670 6538 1871 8988 5064 9855 924 8149 920 1887 7248 5186 3973 6219 346 6316 6289 7713 4412 3985 5779 5638
29 3160 5354 8205 1140 4436 3164 5714 4231 5772 8993 7291 9482 5289 9365 6892 3180 2315 7889 2839 9083 5563 2461 2443 4999 1576 7050 3840 7805 7215
28 8724 6497 6664 6030 2633 7259 3741 1012 9854 1872 8623 5405 6429 6345 99 5479 8837 1931 3089 5094 5264 7301 2282 4061 2749 9071 4526 1651
28 1466 5049 5113 4442 9974 1612 5916 6615 8316 7743 6586 4284 3415 6026 9453 4549 2231 5554 6087 4854 6196 4651 4270 218 9579 5948 2585 8696
28 7609 7494 544 2570 2664 167 8442 2027 3130 257 8214 2184 6082 3700 4312 6565 8758 9156 5977 8656 5933 8010 3066 1281 2514 4699 7841 7534
28 8090 7918 2777 3866 8162 4530 8790 6979 2707 8466 199 4689 4930 8436 6895 5731 6940 7103 9985 2676 9062 9496 2796 1728 1361 4552 3038 8629
28 9211 2795 1779 2037 2212 1760 1238 5390 5434 1680 1724 9057 4215 5833 2151 3599 7932 5495 4837 2750 6642 6517 8045 9253 1115 9003 2213 7936
28 9284 523 7689 3950 5713 1133 8831 888 7078 7450 4732 8769 225 6996 8475 3886 5081 4305 1006 3365 7303 3165 632 6251 8660 5280 4923 7341
28 9742 7708 1670 2304 6995 7607 1344 8263 5935 4241 9593 3453 2019 5048 8422 9852 3013 8684 2997 4554 1475 3002 6751 8515 4820 4683 3580 7756
28 8315 4878 9940 9130 1644 5525 4298 2435 8783 5070 6574 1524 855 4420 1413 7778 211 6938 8419 4781 9132 114 8393 787 8164 769 6639 5707
28 601 6687 702 6925 7625 8462 2644 3904 4885 5382 3494 5106 858 376 8490 7795 1848 5131 875 7797 4536 9879 4790 1834 2571 4592 5365 124
28 3902 1893 1066 2396 5423 2167 320 106 2832 8944 5096 4266 6780 1103 5104 1456 8519 2521 7963 4876 5143 2503 9637 4360 8981 2306 5953 7911
28 3233 7222 8481 7026 357 1165 1865 1888 848 2286 5584 2020 1962 231 7656 6530 8319 7975 7373 935 5888 9691 1811 1594 6360 1105 2968 9982
28 2652 6062 5511 5483 1448 1236 9599 5223 1477 5189 2943 5791 109 4743 693 5730 2945 2128 508 6383 9245 5221 3838 6011 6447 2119 5897 6413
28 8595 698 9506 4824 5182 4252 6167 1420 8042 3545 4544 2382 9280 1873 5804 9810 5242 4404 976 5929 1922 1481 8088 3237 9698 6266 7066 6164
28 6638 9957 7421 9984 338 7952 5228 9362 9006 7062 4293 778 387 5093 7893 4819 649 9465 8303 6004 1703 2619 9201 2261 9863 7843 4585 5486
28 1753 4989 6819 1499 3845 4030 8239 3803 670 3398 9529 4565 2833 4748 7587 2034 5056 1213 2639 7504 786 7905 8836 2618 9542 5780 4956 5269
28 5552 1062 8513 7020 9428 4887 9546 2797 1797 4888 5964 3846 1972 2761 7310 388 3820 5150 4894 9028 9574 6420 7019 399 9563 6823 2456 7641
28 2823 9850 5898 9559 2085 8992 9864 2158 2303 4334 4774 8931 7157 8137 3753 3301 4470 8420 3142 9026 2196 712 826 5582 9947 1369 1851 8395
28 6190 4392 34 5696 5574 6262 5580 1194 7468 5121 648 5249 9278 3132 6742 3605 6850 4299 992 9226 5684 6723 808 8058 3993 2441 5361 3436
28 9872 766 2604 9811 952 6580 5323 4134 5510 5119 5412 8335 8248 2428 9931 1832 3319 285 3414 4928 5004 4342 4468 4531 6181 2516 1399 1177
28 8407 1691 8781 1442 3455 908 1804 2266 6331 6412 2928 7958 2577 5015 4669 7564 381 5773 535 4269 767 6254 8940 7647 4479 6029 8240 1508
28 395 612 4169 8324 4716 221 173 1541 4831 8689 5983 5488 6993 5122 9326 9830 5174 2690 2596 4606 9373 1110 1112 2990 2170 5667 1350 2611
28 7822 476 191 9785 5680 7158 9238 9437 8874 5023 8889 4316 6646 8864 6175 3343 7218 1941 4016 4142 3624 7339 8556 4905 5907 5543 1106 8465
28 2636 2803 3501 1278 1855 5883 7891 3647 8638 620 7352 4873 8352 5265 5786 9483 9103 8269 8459 7160 2002 7892 3996 2962 6654 2902 5915 7559
28 4616 6683 3383 9385 4834 7286 7800 5296 5802 7955 3506 4344 9490 1029 4277 9794 6009 6487 4826 9000 6194 8202 8902 1957 6929 6881 9697 9837
28 4661 6347 6046 8829 3009 4567 3001 6274 2274 9260 1158 8734 3246 2534 1830 6930 7733 5357 6528 6529 7137 2363 9977 4407 4995 8891 4256 849
28 671 6785 4481 9052 1380 6746 851 3934 8262 3565 1228 5770 9250 3568 9547 7378 904 2270 7573 5469 3270 7389 735 2667 9001 5054 7194 7260
28 2452 5008 417 540 6313 1794 1004 4454 5146 3508 1708 911 5080 5330 5752 2256 297 478 7624 3738 7085 897 2340 2559 8516 9452 4135 1298
28 558 6425 6778 2252 3557 3049 8791 3299 1897 313 4945 6813 1176 4617 6692 6119 1225 7410 6127 3342 728 3469 4505 2927 5633 5609 8387 3107
28 9340 5241 5529 9378 2966 9391 5079 3243 5090 5687 4728 7432 1280 6749 4351 9564 9021 9174 4359 9142 6886 8449 8690 6688 843 3522 6955 7348
28 993 7720 8297 4480 5308 7668 630 4745 3234 7876 4281 6434 6728 7346 4213 4727 3928 6110 7283 7685 7920 3676 5039 5812 5809 8225 4345 9969
28 3145 8152 2524 9286 4152 7865 43 380 1620 4520 4504 2548 4985 2817 1517 3961 9674 481 5636 8580 9333 1989 4979 6713 1975 4827 966 3531
28 3256 811 8851 1926 3623 7974 690 7561 8627 5384 8245 6449 2017 1294 9390 5622 8029 9528 9016 5625 6243 8456 6209 5402 573 7002 8514 1793
28 9155 7216 5476 8438 931 53 6643 8423 9798 2083 3484 2897 1262 7696 2837 9400 64 5385 2362 7372 7302 9306 1527 4416 6783 7435 2786 7540
28 1472 3551 450 2526 6000 3836 1009 2853 4457 6364 5647 6693 1097 1936 3401 4434 7437 4162 9473 9386 5607 9318 7666 6324 1939 3816 8412 9204
28 6845 4433 2557 3462 3898 1740 3205 3604 4562 6666 5304 5442 4599 6044 7199 5982 7500 2173 1823 3999 7530 6101 5719 4584 731 4237 3769 7774
28 7995 8447 7694 2736 3050 3267 385 6744 8004 2558 7776 9051 6386 4925 9359 3662 3890 2307 6789 6870 7686 6455 7998 5294 6308 7029 6217 7134
28 2993 839 5740 7744 9816 208 5637 9310 5278 6715 4921 741 5063 7588 4317 2888 1376 744 7783 6346 9638 6801 8243 4490 6532 8918 6564 9941
28 6669 6597 9492 460 7519 3318 2129 4452 8680 1207 7767 6814 5108 9367 7265 9292 6758 2133 1563 6023 3497 9486 6911 1237 5344 9463 3872 233
28 9215 9826 6890 1417 3391 9165 4975 6738 4325 6233 8253 798 2390 5839 48 7196 1161 8082 8868 6894 1814 9972 7754 7457 3710 9748 7294 4977
28 5798 3775 9470 9219 3744 2677 9223 5556 6230 1082 9812 8144 7247 2903 4471 5662 4509 5672 2272 9746 4029 8075 2483 7289 9476 7789 7697 8194
28 4473 6154 7014 5310 9484 3332 7201 4251 5369 9376 7071 5811 9158 4160 2032 7212 3043 5212 3945 5676 5656 3613 9661 3208 4291 9916 6149 5033
28 9925 8568 2418 170 2395 220 3541 8911 9314 615 6893 1585 3849 2056 4855 6350 2568 9534 2473 3900 5961 1782 8742 4631 516 3226 8132 1627
28 9282 4236 7611 9408 2013 6766 6859 3520 1326 1269 7032 8552 1796 2551 1453 2979 4059 9709 4861 4725 3874 267 8985 4746 5466 24 7537 2504
28 3236 7343 854 4311 2841 738 4597 1433 4079 7415 3402 5000 8512 861 1353 5505 222 2227 6839 1992 6144 9176 5575 8779 5569 467 3106 9527
28 7828 1035 4808 7351 2168 2221 7065 4672 5769 7419 6918 3982 7312 918 2348 4207 386 912 72 8397 4041 6636 7360 1254 6921 8024 2620 5674
28 445 7030 271 961 1241 6554 8609 2499 261 7268 2100 1915 1490 729 8787 4815 335 444 772 3789 5762 4324 1633 856 1937 4590 1522 1596
28 4760 7487 2836 850 9790 1276 466 7338 9289 8655 1861 4136 8722 7962 5202 6594 4555 755 9316 3282 7254 8126 2883 3450 641 3345 1345 5690
28 2182 4066 5938 8049 8237 408 5925 3182 4247 9093 1309 1988 1144 8255 3786 7909 5013 1623 2259 6525 1388 4462 5120 3459 6932 556 6240 8314
28 6603 8590 5077 2963 879 5318 5863 7356 3912 4652 9545 310 7589 8886 2982 3400 7236 5340 9875 3395 9775 1570 661 3527 9912 2487 1484 2678
28 3815 6671 7011 2003 6113 73 6990 800 3156 6385 3986 2610 5579 2165 9707 9197 3204 8866 8997 8380 5892 2074 9813 4042 7858 9293 5717 4789
28 3511 5939 2005 3172 1220 8651 3272 2574 4521 2654 1899 1389 7846 58 2549 4934 263 2886 5468 122 8806 3572 5445 9277 426 8228 3901 9799
28 666 6001 7358 896 4976 6280 319 9880 2542 9889 452 3563 709 2967 5191 7558 2485 3885 2112 104 1534 7567 3910 9524 638 8501 2493 3642
28 4398 2202 9951 5516 6073 6464 7349 8553 2846 9634 5036 2188 6612 9672 1392 9757 1117 1578 6505 3052 9298 4000 5286 978 7106 8487 5178 4821
28 7324 7704 336 1809 4126 1787 2770 2950 9425 2646 9910 258 6719 3377 1706 6432 4570 812 2662 2023 2347 3133 7486 3727 1798 8011 7885 5320
28 4077 8207 5917 6756 4123 795 9055 4315 8458 7135 2924 5694 6352 125 1636 4113 5741 6045 6900 8524 2773 5518 932 1470 6503 4698 9349 1864
28 8551 3482 6093 3264 5829 791 2868 3480 9949 4272 1647 2370 4132 7077 5732 7200 6884 4706 9518 5338 162 217 828 3842 9710 321 5029 2630
28 1641 8406 4503 7230 1210 5229 33 6419 2601 3908 4032 9092 3095 2413 5718 8051 6617 7189 8947 3792 6126 9859 6981 9170 7810 6762 6842 2494
28 5062 8835 1751 4917 5658 5210 2096 1299 7680 6711 5440 2913 5118 9411 1171 2757 9295 3419 8331 2458 7269 8287 1841 9082 8068 2268 6498 7899
28 8709 3505 89 2140 8445 2279 8494 484 7046 4095 7328 1163 8661 2082 4276 8759 4522 6039 7479 4863 2486 2669 6799 889 8409 8959 8583 9510
28 2417 9243 128 8841 2747 6379 8285 3558 3158 8309 2763 8813 9311 4578 1409 6539 9419 2929 4719 2742 7904 520 3995 4664 1316 9723 3957 9255
28 5500 6319 49 3064 6815 8681 3300 8646 8469 7670 9090 76 8752 5909 1063 8295 6353 7425 6307 1510 5743 2875 8433 3111 9679 3962 4866 3504
28 2672 1271 6765 6936 5460 7381 4673 1174 4889 3774 2011 67 5438 1721 245 8860 6104 1732 5572 7051 921 5872 7857 4450 8559 7553 2781 7460
28 3123 3665 9131 1756 3323 7176 6676 6215 2937 4997 3892 8350 5198 9185 5346 733 6768 2333 631 6896 890 8014 2978 9878 749 1615 6235 3048
28 2378 8468 8969 3746 1390 4639 5125 5376 5861 5490 3277 8755 2859 863 1137 2475 8773 7143 3569 7780 1528 2421 6593 9667 1393 6184 4881 1993
28 1109 352 1816 5128 9139 589 1243 2433 1609 6037 8153 6674 5974 8814 7088 86 9999 4609 8839 8662 7193 1646 5380 7453 7738 3308 836 9481
28 1386 846 4660 6961 8471 4304 164 8741 1028 472 8862 2887 2121 7973 2540 9050 6403 5816 3263 7825 9275 2089 8706 1786 6704 2041 824 5644
28 2265 5613 8017 5461 2914 2992 6267 3489 356 4691 3797 6773 2092 3382 751 6644 4740 6689 1619 7507 8030 1658 8323 3369 6867 9904 7322 2791
28 9988 626 8565 9592 9515 2519 1414 6747 1810 6690 5951 4914 2818 9455 3108 6786 4610 1450 3638 6987 1902 6840 1974 4927 2275 5161 561 7049
28 8057 1425 4996 3932 8820 6292 6703 9461 9327 7462 4243 39 2465 1314 4120 2187 5199 8396 2460 3915 4102 3823 7977 5615 6169 7246 7850 4978
28 1577 1038 8027 9804 4195 6794 1593 7278 3654 6256 4941 3955 8435 9448 7167 8175 9659 8041 4618 4663 3509 7169 6139 4287 3717 2999 1559 7907
28 9543 2583 1113 3278 3992 949 6299 4048 7693 1545 7284 8437 2314 4602 7725 4756 1088 2488 4604 9125 6259 4569 195 7551 4702 448 5635 1868
28 1965 4796 7529 5895 3405 2801 7605 5639 2039 6268 8369 5818 3819 3806 8124 3370 955 9567 7762 8825 4308 5922 18 8672 7100 6397 4775 3006
28 138 5336 6754 9128 2343 8954 7464 2674 194 323 972 1880 8989 9261 5727 8129 5239 8119 8230 6549 3115 8065 9335 9034 621 4518 8945 9558
28 654 9538 1067 3350 9520 3755 9407 6212 4640 5142 6705 6454 7989 6945 8621 5378 8226 2321 7632 165 6834 1232 8302 3493 253 7900 3381 3876
28 4852 3628 5865 6234 5117 4104 3573 2021 8398 4958 9815 7059 1650 6253 3096 492 7676 241 9085 4330 1251 7204 695 3098 2510 9987 8092 98
28 746 3496 8592 2769 627 9489 2782 5163 1839 2457 6033 7377 394 1879 6426 5746 5295 536 8198 5891 4073 8888 5624 737 5711 9687 4540 6596
28 5777 2496 8286 1614 5520 1441 5167 7541 5969 4792 8089 2946 4402 7290 6696 1221 9525 4070 9511 8705 6662 1501 3688 6339 1227 2616 7362 7063
28 4804 3929 7183 9606 4144 9874 2918 9182 2207 6606 9526 9871 8666 4098 2464 8168 8210 538 8379 4711 4022 8531 9903 9065 6533 3289 3633 9343
28 7427 9447 7329 8130 9640 5990 7538 9172 943 2280 5592 5291 5894 6291 2369 5827 1537 1502 4357 5754 6122 8951 5657 1580 196 491 7593 711
28 4322 9136 5908 9039 5258 9915 91 9939 7755 4638 1622 6145 2877 6457 7844 802 6334 3594 3773 853 7198 506 7799 4320 6506 2189 6269 537
28 3363 9498 6992 968 8751 6485 8958 7880 7993 1980 7925 6976 1126 2632 3152 3102 2419 5640 6232 3217 4528 8157 2612 9766 6013 1464 6542 6730
28 7148 3247 1186 7481 8074 4053 2673 1735 2179 3989 753 9677 9303 5808 4761 9617 52 3824 8608 1335 1200 7452 752 4008 9705 1655 8539 2217
28 8346 2864 5564 2042 5148 5 2608 2409 7202 893 6914 5292 832 2500 2970 3287 2653 9487 2592 9269 1355 5025 4319 8520 9148 2881 696 1990
28 7914 405 498 3682 5005 6125 9989 8001 8274 1671 9368 8189 1459 9 7859 3067 6396 8804 5750 7506 3658 6679 1900 8032 2567 2067 870 8114
28 4753 8440 4507 6509 2752 515 8569 1258 6236 7812 4782 4582 5259 7623 4637 3978 6079 2229 6734 6558 364 1018 3586 9020 9642 3328 4897 4747
28 9488 286 6959 9224 9627 8421 8093 5457 1121 9818 546 4869 5024 2645 7831 9598 6621 2899 6054 7640 725 1953 9905 4884 192 2544 4791 1778
28 8099 275 5206 659 2323 1283 4221 9533 902 2320 3863 359 5847 1418 7431 1488 9469 5393 4023 6333 3924 5437 6273 6534 4973 1071 2556 3375
28 7662 5467 3579 1675 3139 6966 2838 107 8528 4929 5192 4515 4410 5450 4776 5737 2972 4654 2602 1844 1513 8635 10 455 415 2716 9188 496
28 7633 2090 915 1835 9772 397 6427 9133 9149 5407 4064 8976 2033 4045 3723 6226 7834 3327 2045 4972 1078 7665 8647 7644 2054 587 119 2661
28 5465 9589 2855 8949 4476 6016 5435 9380 3500 51 9917 2826 1489 4161 1726 5546 5248 5272 9641 1394 410 1529 1005 8555 2094 6028 9100 2155
28 4065 3169 3471 5349 1758 5307 7412 1944 266 7784 9281 2857 3686 8842 8871 8190 9140 3432 9597 8086 4234 8344 7897 3800 5805 9164 2594 5392
28 7883 4246 3575 4006 6283 15 8201 311 87 8150 9173 584 916 1661 6338 3250 6807 3125 4086 2127 6070 1827 9301 4105 7152 7261 3826 7947
28 962 4474 3027 8733 404 2024 4069 9350 5301 9254 4130 1069 3241 1046 1451 981 6302 1584 268 3029 458 4484 9348 1951 1765 501 3305 4625
28 570 8504 1924 8547 462 9027 8913 9762 3777 6860 2590 2935 781 7043 9935 9312 56 6249 2726 776 136 5452 3374 9924 7617 2008 4962 8805
28 7576 23 1021 5387 3764 2101 6616 2687 9554 1692 1092 3434 9370 1223 7012 4845 3971 1336 8056 2871 797 3309 2437 7683 9134 3652 3868 202
28 4141 1312 8134 8890 82 8266 1542 8463 3802 6472 161 2412 331 2657 8560 8373 9427 2174 4133 2515 9265 5824 1857 2812 5549 5092 4832 2783
28 9321 7539 4944 4957 3291 9773 1592 7675 8642 4542 2522 2116 239 2973 210 6698 5484 247 9920 3000 4675 8408 5234 9069 7386 4352 6737 2406
28 602 6980 2813 5751 2051 3186 9665 4524 5570 363 2547 2643 6206 3393 3747 938 2111 4752 4372 4464 6923 7562 6602 818 6660 8792 9650 6121
28 3590 8128 227 1700 421 4817 3019 499 739 7709 6171 7076 5162 9824 3514 6968 5958 4035 4399 8312 4920 3626 8929 5764 8979 9991 2532 1185
28 4974 9288 4751 7516 3696 8046 7299 1932 5757 5133 6820 933 8538 673 533 7515 2445 3790 483 1296 7565 1202 8179 2046 6327 624 2431 7775
28 9714 3181 7173 8885 9754 4314 7239 3830 9994 7664 8573 5998 4092 782 1530 6075 4106 4534 5708 8856 7444 5992 9508 8777 2709 1288 5481 4712
28 7937 8339 5886 2384 4200 4082 7061 5875 8840 8206 5175 3490 7072 9010 1142 4080 7206 9070 1480 9009 6031 3070 823 3687 1509 2357 4714 9556
28 4764 2351 7380 16 5585 3238 5188 674 7931 2595 1435 3631 9833 6484 7233 7385 3895 4865 9701 7403 6071 9605 6661 3729 2093 3421 7903 9802
28 6197 6152 6294 6032 2535 6753 6341 2794 6328 1259 4178 7766 9618 8007 7493 1122 8028 1231 4595 7646 8069 4729 8188 6838 7164 8272 8548 447
28 13 6770 3051 6889 5940 7721 8564 2738 6553 8593 8260 8413 55 6060 475 3616 6518 4453 6775 3475 9938 8079 6541 4608 9517 8916 7474 7187
28 9111 5557 8080 4717 2815 289 1750 4734 1603 5028 9500 5701 3798 3585 6450 9570 2110 440 7333 1273 1438 9013 186 894 9900 8484 8619 7886
28 8849 4397 8977 8745 5999 1913 6105 8264 2281 2552 2867 2656 3488 1188 3271 3470 645 7570 9749 6132 8405 4242 9198 8527 8782 2907 3202 3071
28 5046 3235 2649 7724 1178 6868 456 1302 5168 6847 3546 5699 2606 8142 5426 9823 2564 9998 1591 5111 1987 293 7480 1347 8081 9398 1533 1397
28 1587 5944 7496 6474 5226 9721 9961 7768 6163 6015 8677 8832 4825 5761 6433 5758 3869 6387 5927 6285 6081 9468 4336 5946 2819 9113 5021 8753
28 5057 9248 8143 8464 3177 3118 3479 2313 3018 1039 70 5169 5869 3269 2739 4112 7803 6343 7168 5641 9541 137 3224 6022 7280 7089 4502 4871
28 6424 1191 8850 3951 2930 768 4313 3439 6535 1301 8213 5083 3360 8925 5067 7779 3740 7231 8054 176 433 8411 3447 8535 7413 2345 3956 2623
28 4071 1125 6640 9019 7528 8937 9121 5396 9267 3487 1526 636 71 8015 7882 2581 2292 2492 3248 913 4709 8428 7101 8823 6002 1022 2969 5273
28 6808 27 1491 130 9268 2218 7691 435 4003 1089 715 6954 5417 6406 8796 958 8707 8313 1806 8767 7434 9146 3542 2328 9143 8596 1313 6625
28 660 8472 6595 4217 4910 7728 8798 9648 3715 5045 7131 644 237 1352 1719 1496 9683 5692 7964 672 129 1153 2079 2926 6136 3653 9968 6537
28 152 2297 5721 8624 9033 4867 4486 6361 980 2009 532 9964 5200 5427 6483 8688 1169 5651 7495 8457 8361 4075 1669 9032 7791 2911 1928 6017
28 1769 8383 810 3322 8204 5360 4703 3420 437 9274 2260 6238 4992 8066 8148 4146 5447 5389 9676 3761 155 9610 7619 4369 1762 5918 1739 2582
28 9371 3179 4238 6117 229 1604 3917 9975 6300 4559 569 7282 9739 1829 8135 3677 830 4847 5931 3012 8729 2579 8160 9557 7991 3979 8151 5561
28 8097 4303 6151 1100 663 9963 3114 7960 7142 7651 5311 9821 6368 2576 6398 7124 2245 1640 9758 4778 6880 2190 4155 640 2537 5729 5002 5044
28 4960 4805 4088 2472 9751 5542 5857 4809 2961 2955 83 8967 9655 143 585 611 9169 1780 2941 5267 4932 9603 8308 6907 6059 1010 5050 6135
28 6392 1846 9756 1772 1890 7679 8012 9583 5496 5879 8067 6552 2900 805 8348 254 7221 1581 9896 5164 1949 6467 5981 485 5110 3168 6157 1773
28 1572 8730 5213 1822 5598 6481 1487 5177 3185 734 3743 2948 2878 6337 6670 1713 5880 8900 7262 864 8785 2476 9004 5538 8712 8060 8774 3570
28 5919 994 446 2940 3707 1969 6007 4950 9451 1693 5509 1589 2316 8334 1552 8283 7912 4085 4451 7067 707 9259 1443 1714 2505 5849 6189 8351
28 6950 159 9075 3867 2906 7621 2642 9107 1895 1248 5350 7873 2416 877 2939 3458 4843 2660 3433 9396 6645 708 8169 6431 7518 9474 950 3021
28 3423 9727 68 2469 8530 8108 9803 2536 1549 6824 4497 545 7949 680 9177 2193 5187 2113 7127 9199 9843 4620 372 3510 1543 3668 3062 9192
28 2805 7511 5966 6363 1776 6822 590 4642 1098 400 4460 4375 4295 406 6502 2278 2364 8116 3718 5630 9493 9379 312 7618 7192 3148 7424 212
28 1048 3171 7475 4279 1465 6242 216 6652 7869 2183 9970 8347 2842 1621 2671 2326 5487 8587 4763 6381 959 9550 9819 1790 1119 574 7921 4690
28 4052 3632 7695 3855 5151 1588 8050 2331 8876 8603 3925 2502 3456 339 3461 4109 101 9671 6827 4899 668 3861 5300 8174 1333 9927 2829 6088
28 4466 5097 6888 2244 1267 9241 4722 6295 2562 8025 7727 7983 2080 3974 153 7763 4496 6288 9530 1180 1077 4971 5225 9124 9788 5678 4586 4014
28 3153 3492 8073 4896 8063 4393 6221 4692 8687 6329 2030 1292 7459 9279 2220 758 2341 3046 2344 9088 4626 4427 9450 8203 8117 4600 4556 6055
28 6229 596 9747 2971 5181 9549 3804 6409 7483 6708 7950 6582 5913 1761 4851 6841 5539 1073 2022 1230 5414 3221 6899 6086 616 4680 6960 511
28 1141 4447 6857 5632 6516 9678 8756 9078 8641 6344 3228 2255 3795 6508 9299 5565 5040 6712 9611 260 579 9305 607 3141 6415 2959 1136 4875
28 9189 7606 5069 2305 3 1430 8970 8478 685 4363 9035 8907 5611 2944 3477 3897 4525 5236 8973 9711 1478 9449 9948 5996 5536 1446 4516 7908
28 7426 436 8952 9632 3442 3851 606 6389 4799 1118 3280 2647 1948 9118 5947 5978 6180 6760 8300 9965 2455 6066 7512 8747 509 9422 4354 1099
28 934 9887 9568 3476 7416 6255 9356 7369 7916 7304 8147 6999 609 3759 6156 4340 5541 2910 6863 495 8091 7818 5341 4959 8100 7726 9645 8898
28 8946 9031 656 1051 3702 8072 1689 7840 4194 9317 5413 7188 7340 5993 1667 4839 2727 4010 608 5087 9834 6592 1731 9074 7746 390 936 2719
28 4189 2550 2069 3914 5400 2912 8320 2410 1759 1792 1419 3817 3284 1406 8762 4676 6953 4541 3776 8822 3966 1687 2025 3351 5882 6303 9866 2587
28 1574 8364 1746 8052 7232 9097 7375 7227 9808 871 4431 9703 510 9844 3026 6282 2043 5989 8671 4429 1324 9399 7490 5702 7396 4197 1211 5473
28 2209 1925 9202 1520 9150 4355 4795 3651 2233 6097 886 7645 5411 6272 1504 8031 2290 17 1291 7959 7497 3990 2392 3045 1404 166 9786 7471
28 9435 7337 8166 7191 5244 7773 941 7489 3724 7330 7522 5404 3124 4218 2010 1819 9893 7210 6964 3077 7420 284 6239 692 3988 6074 5513 9827
28 9888 7175 7251 69 6237 6322 3033 4089 5159 5403 7091 2153 1044 3502 4368 4072 6306 3325 9730 454 8059 9225 5589 5677 2627 2904 7839 9354
28 7584 9662 1704 2169 2353 1681 8727 8022 425 135 7536 7009 5905 7005 895 2283 4438 2792 8113 9171 6831 3673 8838 1454 4228 1601 8402 4594
28 4768 9213 4807 3201 9397 2775 8410 4478 8541 1676 3110 642 6018 4713 639 5409 8667 8023 2402 7325 6913 6733 5709 5560 8846 4954 282 977
28 78 2086 5903 7449 8936 5783 675 4395 9338 3212 6225 1630 1128 1847 5006 274 618 1950 7314 5099 5203 2317 2336 3112 7463 5926 6947 2565
28 102 6897 8026 5553 9967 1293 8746 8920 4938 9126 6210 2178 2852 4090 7363 1382 7081 9647 9144 9566 7669 5710 8965 197 5725 4561 6626 3554
28 2851 4949 7871 7969 6177 4983 1854 9936 6162 7374 2629 6460 5332 6915 559 6545 2740 180 7093 272 9357 3591 4267 8955 581 9080 2349 277
28 9014 1539 1807 4535 3367 5144 703 209 9851 7401 9760 5124 6115 9736 5767 7307 2697 7181 4653 2696 8809 7594 8739 3998 3936 4224 7123 3808
28 4935 6668 9743 6092 1600 3733 2622 8673 720 9883 8215 9664 4430 7663 8630 9122 8401 9405 7357 1757 329 9722 4265 6077 2718 9586 8589 9768
28 207 7639 8903 1275 6563 5051 1198 117 9660 1242 6856 997 9309 3065 9091 96 2692 5957 3539 657 7057 6089 6702 8606 1474 8416 6524 4364
28 8995 2713 2000 7253 7116 504 3225 4273 4444 6084 1349 6997 4179 2682 512 8610 8139 6124 1058 3600 8181 9472 942 6797 9934 8582 9018 8096
28 6423 8183 3460 4909 653 4181 6658 4550 3770 8477 2725 1444 8605 1642 1461 6451 5037 325 5986 5362 2222 6342 3483 9886 2866 9765 2075 6173
28 175 1512 9361 667 5456 8966 9955 2238 7405 8493 9976 301 567 7612 9796 4335 8960 2087 2271 5194 4154 146 9950 5819 8018 3120 2099 6656
28 4078 1831 8415 3598 6351 6844 6634 6205 4193 4396 5578 8294 1303 5664 9552 369 2484 6965 8444 1649 1605 4810 5184 5515 547 7214 1875 5240
28 9159 7186 7402 7060 9899 7430 2609 6393 6473 1020 4857 7928 6025 8038 7099 6629 7737 1240 7732 5697 727 8163 4012 3219 3354 4380 9161 1235
28 7418 8948 2152 2399 3907 6657 2298 4387 6186 7661 7407 8857 7404 3199 1358 3672 4492 507 8199 3428 3617 2575 349 5660 1266 7951 1150 9163
28 3387 5388 2365 9042 5968 5654 8834 3587 5401 5012 3379 1206 3635 6176 6418 7681 4149 5098 244 4770 1384 8474 6909 7868 730 9774 2925 9404
28 9049 9718 3899 4327 8193 1257 8375 150 4630 8040 9720 8815 8035 2984 2882 815 4800 6725 5799 9230 151 5753 7461 7524 3547 4872 6332 5836
28 8220 9692 5555 9933 4186 2873 3949 4356 6750 1307 2735 1023 4835 9389 9024 1114 4051 4191 326 2449 2605 1982 1500 4593 8935 103 7934 3555
28 9168 3025 5653 3659 6410 7715 2301 3513 3711 2511 8318 7525 92 8963 7491 6453 7630 2299 5463 7098 3793 6080 316 442 7542 8305 2850 5988
28 1717 8121 3630 7864 1429 1923 5619 2232 689 1317 1688 686 865 7104 9996 2949 8867 588 3621 4159 8664 4173 7967 2638 5196 1015 1991 6279
28 42 3782 1556 350 1737 8418 6826 3170 9954 6872 7243 300 2998 9694 4157 6438 9513 7823 2131 1729 2180 6903 1311 5359 9285 9423 2481 7747
28 5014 1359 5197 9352 9190 171 4514 6369 6550 7097 7209 2325 6581 4986 2342 8713 3535 2070 4187 8692 1722 4283 3498 6248 6490 8953 8062 2157
28 9413 7781 7439 7552 2186 7957 1521 8873 200 7765 203 7213 6178 9501 8254 2287 2216 1973 7447 6043 6118 3739 2597 2491 1396 852 3366 8964
28 1808 8394 4773 3919 4249 9462 9467 2450 1767 9203 4665 9728 115 4074 7953 5268 9066 7292 4911 3967 5722 8342 5305 2063 7788 4913 1697 6843
28 526 6488 1330 8717 7367 4001 5351 6817 4004 7455 991 1709 9228 4343 8489 9325 7622 7813 7832 5288 4220 1019 7139 5629 3014 3092 7004 6480
